{"D:\\mds\\Tests\\morpion-vite\\src\\App.tsx": {"path":"D:\\mds\\Tests\\morpion-vite\\src\\App.tsx","statementMap":{"0":{"start":{"line":1,"column":0},"end":{"line":1,"column":51}},"1":{"start":{"line":2,"column":0},"end":{"line":2,"column":36}},"2":{"start":{"line":5,"column":2},"end":{"line":5,"column":83}},"3":{"start":{"line":5,"column":44},"end":{"line":5,"column":81}},"4":{"start":{"line":8,"column":12},"end":{"line":203,"column":1}},"5":{"start":{"line":9,"column":26},"end":{"line":9,"column":45}},"6":{"start":{"line":10,"column":28},"end":{"line":10,"column":47}},"7":{"start":{"line":11,"column":38},"end":{"line":11,"column":57}},"8":{"start":{"line":12,"column":26},"end":{"line":12,"column":63}},"9":{"start":{"line":13,"column":26},"end":{"line":13,"column":57}},"10":{"start":{"line":14,"column":32},"end":{"line":14,"column":44}},"11":{"start":{"line":15,"column":26},"end":{"line":15,"column":40}},"12":{"start":{"line":16,"column":30},"end":{"line":16,"column":45}},"13":{"start":{"line":18,"column":27},"end":{"line":25,"column":3}},"14":{"start":{"line":19,"column":20},"end":{"line":19,"column":55}},"15":{"start":{"line":20,"column":4},"end":{"line":20,"column":21}},"16":{"start":{"line":21,"column":20},"end":{"line":21,"column":59}},"17":{"start":{"line":22,"column":4},"end":{"line":22,"column":21}},"18":{"start":{"line":23,"column":4},"end":{"line":23,"column":38}},"19":{"start":{"line":24,"column":4},"end":{"line":24,"column":19}},"20":{"start":{"line":27,"column":28},"end":{"line":34,"column":3}},"21":{"start":{"line":28,"column":21},"end":{"line":28,"column":56}},"22":{"start":{"line":29,"column":4},"end":{"line":29,"column":23}},"23":{"start":{"line":30,"column":20},"end":{"line":30,"column":59}},"24":{"start":{"line":31,"column":4},"end":{"line":31,"column":21}},"25":{"start":{"line":32,"column":4},"end":{"line":32,"column":35}},"26":{"start":{"line":33,"column":4},"end":{"line":33,"column":19}},"27":{"start":{"line":36,"column":33},"end":{"line":43,"column":3}},"28":{"start":{"line":37,"column":20},"end":{"line":37,"column":69}},"29":{"start":{"line":38,"column":4},"end":{"line":38,"column":27}},"30":{"start":{"line":39,"column":20},"end":{"line":39,"column":53}},"31":{"start":{"line":40,"column":4},"end":{"line":40,"column":21}},"32":{"start":{"line":41,"column":4},"end":{"line":41,"column":35}},"33":{"start":{"line":42,"column":4},"end":{"line":42,"column":19}},"34":{"start":{"line":45,"column":26},"end":{"line":52,"column":3}},"35":{"start":{"line":46,"column":4},"end":{"line":46,"column":30}},"36":{"start":{"line":47,"column":4},"end":{"line":47,"column":43}},"37":{"start":{"line":47,"column":26},"end":{"line":47,"column":43}},"38":{"start":{"line":48,"column":20},"end":{"line":48,"column":56}},"39":{"start":{"line":49,"column":4},"end":{"line":49,"column":21}},"40":{"start":{"line":50,"column":4},"end":{"line":50,"column":35}},"41":{"start":{"line":51,"column":4},"end":{"line":51,"column":19}},"42":{"start":{"line":54,"column":28},"end":{"line":61,"column":3}},"43":{"start":{"line":55,"column":4},"end":{"line":55,"column":32}},"44":{"start":{"line":56,"column":4},"end":{"line":56,"column":41}},"45":{"start":{"line":56,"column":26},"end":{"line":56,"column":41}},"46":{"start":{"line":57,"column":20},"end":{"line":57,"column":56}},"47":{"start":{"line":58,"column":4},"end":{"line":58,"column":21}},"48":{"start":{"line":59,"column":4},"end":{"line":59,"column":35}},"49":{"start":{"line":60,"column":4},"end":{"line":60,"column":19}},"50":{"start":{"line":64,"column":2},"end":{"line":76,"column":27}},"51":{"start":{"line":65,"column":4},"end":{"line":75,"column":5}},"52":{"start":{"line":66,"column":20},"end":{"line":73,"column":13}},"53":{"start":{"line":67,"column":8},"end":{"line":67,"column":22}},"54":{"start":{"line":68,"column":8},"end":{"line":68,"column":65}},"55":{"start":{"line":68,"column":56},"end":{"line":68,"column":62}},"56":{"start":{"line":69,"column":8},"end":{"line":71,"column":28}},"57":{"start":{"line":69,"column":25},"end":{"line":69,"column":74}},"58":{"start":{"line":70,"column":13},"end":{"line":71,"column":28}},"59":{"start":{"line":70,"column":30},"end":{"line":70,"column":56}},"60":{"start":{"line":71,"column":13},"end":{"line":71,"column":28}},"61":{"start":{"line":72,"column":8},"end":{"line":72,"column":81}},"62":{"start":{"line":74,"column":6},"end":{"line":74,"column":39}},"63":{"start":{"line":74,"column":19},"end":{"line":74,"column":38}},"64":{"start":{"line":78,"column":26},"end":{"line":98,"column":3}},"65":{"start":{"line":79,"column":4},"end":{"line":79,"column":43}},"66":{"start":{"line":79,"column":36},"end":{"line":79,"column":43}},"67":{"start":{"line":80,"column":4},"end":{"line":80,"column":36}},"68":{"start":{"line":80,"column":29},"end":{"line":80,"column":36}},"69":{"start":{"line":81,"column":4},"end":{"line":81,"column":24}},"70":{"start":{"line":82,"column":4},"end":{"line":82,"column":61}},"71":{"start":{"line":82,"column":52},"end":{"line":82,"column":58}},"72":{"start":{"line":83,"column":4},"end":{"line":96,"column":24}},"73":{"start":{"line":83,"column":21},"end":{"line":83,"column":70}},"74":{"start":{"line":84,"column":9},"end":{"line":96,"column":24}},"75":{"start":{"line":84,"column":26},"end":{"line":84,"column":52}},"76":{"start":{"line":85,"column":9},"end":{"line":96,"column":24}},"77":{"start":{"line":87,"column":6},"end":{"line":94,"column":14}},"78":{"start":{"line":88,"column":8},"end":{"line":88,"column":22}},"79":{"start":{"line":89,"column":8},"end":{"line":89,"column":65}},"80":{"start":{"line":89,"column":56},"end":{"line":89,"column":62}},"81":{"start":{"line":90,"column":8},"end":{"line":92,"column":28}},"82":{"start":{"line":90,"column":25},"end":{"line":90,"column":74}},"83":{"start":{"line":91,"column":13},"end":{"line":92,"column":28}},"84":{"start":{"line":91,"column":30},"end":{"line":91,"column":56}},"85":{"start":{"line":92,"column":13},"end":{"line":92,"column":28}},"86":{"start":{"line":93,"column":8},"end":{"line":93,"column":81}},"87":{"start":{"line":96,"column":9},"end":{"line":96,"column":24}},"88":{"start":{"line":97,"column":4},"end":{"line":97,"column":77}},"89":{"start":{"line":100,"column":22},"end":{"line":105,"column":3}},"90":{"start":{"line":101,"column":20},"end":{"line":101,"column":44}},"91":{"start":{"line":102,"column":4},"end":{"line":102,"column":21}},"92":{"start":{"line":103,"column":4},"end":{"line":103,"column":35}},"93":{"start":{"line":104,"column":4},"end":{"line":104,"column":19}},"94":{"start":{"line":107,"column":2},"end":{"line":202,"column":4}},"95":{"start":{"line":174,"column":10},"end":{"line":174,"column":23}},"96":{"start":{"line":176,"column":14},"end":{"line":177,"column":null}},"97":{"start":{"line":178,"column":31},"end":{"line":178,"column":52}},"98":{"start":{"line":205,"column":0},"end":{"line":205,"column":19}}},"fnMap":{"0":{"name":"createEmptyGrid","decl":{"start":{"line":4,"column":9},"end":{"line":4,"column":24}},"loc":{"start":{"line":4,"column":37},"end":{"line":6,"column":1}}},"1":{"name":"(anonymous_1)","decl":{"start":{"line":5,"column":38},"end":{"line":5,"column":41}},"loc":{"start":{"line":5,"column":44},"end":{"line":5,"column":81}}},"2":{"name":"(anonymous_2)","decl":{"start":{"line":8,"column":12},"end":{"line":8,"column":15}},"loc":{"start":{"line":8,"column":17},"end":{"line":203,"column":1}}},"3":{"name":"(anonymous_3)","decl":{"start":{"line":18,"column":27},"end":{"line":18,"column":28}},"loc":{"start":{"line":18,"column":70},"end":{"line":25,"column":3}}},"4":{"name":"(anonymous_4)","decl":{"start":{"line":27,"column":28},"end":{"line":27,"column":29}},"loc":{"start":{"line":27,"column":71},"end":{"line":34,"column":3}}},"5":{"name":"(anonymous_5)","decl":{"start":{"line":36,"column":33},"end":{"line":36,"column":34}},"loc":{"start":{"line":36,"column":76},"end":{"line":43,"column":3}}},"6":{"name":"(anonymous_6)","decl":{"start":{"line":45,"column":26},"end":{"line":45,"column":27}},"loc":{"start":{"line":45,"column":69},"end":{"line":52,"column":3}}},"7":{"name":"(anonymous_7)","decl":{"start":{"line":54,"column":28},"end":{"line":54,"column":29}},"loc":{"start":{"line":54,"column":71},"end":{"line":61,"column":3}}},"8":{"name":"(anonymous_8)","decl":{"start":{"line":64,"column":12},"end":{"line":64,"column":15}},"loc":{"start":{"line":64,"column":17},"end":{"line":76,"column":3}}},"9":{"name":"(anonymous_9)","decl":{"start":{"line":66,"column":31},"end":{"line":66,"column":34}},"loc":{"start":{"line":66,"column":36},"end":{"line":73,"column":7}}},"10":{"name":"(anonymous_10)","decl":{"start":{"line":68,"column":30},"end":{"line":68,"column":31}},"loc":{"start":{"line":68,"column":56},"end":{"line":68,"column":62}}},"11":{"name":"(anonymous_11)","decl":{"start":{"line":74,"column":13},"end":{"line":74,"column":16}},"loc":{"start":{"line":74,"column":19},"end":{"line":74,"column":38}}},"12":{"name":"(anonymous_12)","decl":{"start":{"line":78,"column":26},"end":{"line":78,"column":27}},"loc":{"start":{"line":78,"column":55},"end":{"line":98,"column":3}}},"13":{"name":"(anonymous_13)","decl":{"start":{"line":82,"column":26},"end":{"line":82,"column":27}},"loc":{"start":{"line":82,"column":52},"end":{"line":82,"column":58}}},"14":{"name":"(anonymous_14)","decl":{"start":{"line":87,"column":17},"end":{"line":87,"column":20}},"loc":{"start":{"line":87,"column":22},"end":{"line":94,"column":7}}},"15":{"name":"(anonymous_15)","decl":{"start":{"line":89,"column":30},"end":{"line":89,"column":31}},"loc":{"start":{"line":89,"column":56},"end":{"line":89,"column":62}}},"16":{"name":"(anonymous_16)","decl":{"start":{"line":100,"column":22},"end":{"line":100,"column":25}},"loc":{"start":{"line":100,"column":27},"end":{"line":105,"column":3}}},"17":{"name":"(anonymous_17)","decl":{"start":{"line":173,"column":18},"end":{"line":173,"column":19}},"loc":{"start":{"line":174,"column":10},"end":{"line":174,"column":23}}},"18":{"name":"(anonymous_18)","decl":{"start":{"line":175,"column":21},"end":{"line":175,"column":22}},"loc":{"start":{"line":176,"column":14},"end":{"line":177,"column":null}}},"19":{"name":"(anonymous_19)","decl":{"start":{"line":178,"column":25},"end":{"line":178,"column":28}},"loc":{"start":{"line":178,"column":31},"end":{"line":178,"column":52}}}},"branchMap":{"0":{"loc":{"start":{"line":47,"column":4},"end":{"line":47,"column":43}},"type":"if","locations":[{"start":{"line":47,"column":4},"end":{"line":47,"column":43}}]},"1":{"loc":{"start":{"line":56,"column":4},"end":{"line":56,"column":41}},"type":"if","locations":[{"start":{"line":56,"column":4},"end":{"line":56,"column":41}}]},"2":{"loc":{"start":{"line":65,"column":4},"end":{"line":75,"column":5}},"type":"if","locations":[{"start":{"line":65,"column":4},"end":{"line":75,"column":5}}]},"3":{"loc":{"start":{"line":65,"column":8},"end":{"line":65,"column":46}},"type":"binary-expr","locations":[{"start":{"line":65,"column":8},"end":{"line":65,"column":14}},{"start":{"line":65,"column":18},"end":{"line":65,"column":30}},{"start":{"line":65,"column":34},"end":{"line":65,"column":46}}]},"4":{"loc":{"start":{"line":69,"column":8},"end":{"line":71,"column":28}},"type":"if","locations":[{"start":{"line":69,"column":8},"end":{"line":71,"column":28}},{"start":{"line":70,"column":13},"end":{"line":71,"column":28}}]},"5":{"loc":{"start":{"line":70,"column":13},"end":{"line":71,"column":28}},"type":"if","locations":[{"start":{"line":70,"column":13},"end":{"line":71,"column":28}},{"start":{"line":71,"column":13},"end":{"line":71,"column":28}}]},"6":{"loc":{"start":{"line":79,"column":4},"end":{"line":79,"column":43}},"type":"if","locations":[{"start":{"line":79,"column":4},"end":{"line":79,"column":43}}]},"7":{"loc":{"start":{"line":79,"column":8},"end":{"line":79,"column":34}},"type":"binary-expr","locations":[{"start":{"line":79,"column":8},"end":{"line":79,"column":19}},{"start":{"line":79,"column":23},"end":{"line":79,"column":34}}]},"8":{"loc":{"start":{"line":80,"column":4},"end":{"line":80,"column":36}},"type":"if","locations":[{"start":{"line":80,"column":4},"end":{"line":80,"column":36}}]},"9":{"loc":{"start":{"line":83,"column":4},"end":{"line":96,"column":24}},"type":"if","locations":[{"start":{"line":83,"column":4},"end":{"line":96,"column":24}},{"start":{"line":84,"column":9},"end":{"line":96,"column":24}}]},"10":{"loc":{"start":{"line":84,"column":9},"end":{"line":96,"column":24}},"type":"if","locations":[{"start":{"line":84,"column":9},"end":{"line":96,"column":24}},{"start":{"line":85,"column":9},"end":{"line":96,"column":24}}]},"11":{"loc":{"start":{"line":85,"column":9},"end":{"line":96,"column":24}},"type":"if","locations":[{"start":{"line":85,"column":9},"end":{"line":96,"column":24}},{"start":{"line":96,"column":9},"end":{"line":96,"column":24}}]},"12":{"loc":{"start":{"line":85,"column":13},"end":{"line":85,"column":47}},"type":"binary-expr","locations":[{"start":{"line":85,"column":13},"end":{"line":85,"column":17}},{"start":{"line":85,"column":21},"end":{"line":85,"column":47}}]},"13":{"loc":{"start":{"line":90,"column":8},"end":{"line":92,"column":28}},"type":"if","locations":[{"start":{"line":90,"column":8},"end":{"line":92,"column":28}},{"start":{"line":91,"column":13},"end":{"line":92,"column":28}}]},"14":{"loc":{"start":{"line":91,"column":13},"end":{"line":92,"column":28}},"type":"if","locations":[{"start":{"line":91,"column":13},"end":{"line":92,"column":28}},{"start":{"line":92,"column":13},"end":{"line":92,"column":28}}]},"15":{"loc":{"start":{"line":179,"column":27},"end":{"line":179,"column":72}},"type":"cond-expr","locations":[{"start":{"line":179,"column":42},"end":{"line":179,"column":45}},{"start":{"line":179,"column":48},"end":{"line":179,"column":72}}]},"16":{"loc":{"start":{"line":179,"column":48},"end":{"line":179,"column":72}},"type":"cond-expr","locations":[{"start":{"line":179,"column":63},"end":{"line":179,"column":66}},{"start":{"line":179,"column":69},"end":{"line":179,"column":72}}]},"17":{"loc":{"start":{"line":185,"column":30},"end":{"line":185,"column":96}},"type":"cond-expr","locations":[{"start":{"line":185,"column":45},"end":{"line":185,"column":57}},{"start":{"line":185,"column":60},"end":{"line":185,"column":96}}]},"18":{"loc":{"start":{"line":185,"column":60},"end":{"line":185,"column":96}},"type":"cond-expr","locations":[{"start":{"line":185,"column":75},"end":{"line":185,"column":87}},{"start":{"line":185,"column":90},"end":{"line":185,"column":96}}]},"19":{"loc":{"start":{"line":186,"column":26},"end":{"line":186,"column":73}},"type":"cond-expr","locations":[{"start":{"line":186,"column":48},"end":{"line":186,"column":61}},{"start":{"line":186,"column":64},"end":{"line":186,"column":73}}]},"20":{"loc":{"start":{"line":186,"column":26},"end":{"line":186,"column":45}},"type":"binary-expr","locations":[{"start":{"line":186,"column":26},"end":{"line":186,"column":30}},{"start":{"line":186,"column":34},"end":{"line":186,"column":45}}]},"21":{"loc":{"start":{"line":196,"column":9},"end":{"line":196,"column":60}},"type":"binary-expr","locations":[{"start":{"line":196,"column":9},"end":{"line":196,"column":16}},{"start":{"line":196,"column":20},"end":{"line":196,"column":60}}]}},"s":{"0":1,"1":1,"2":6,"3":24,"4":1,"5":6,"6":6,"7":6,"8":6,"9":6,"10":6,"11":6,"12":6,"13":6,"14":0,"15":0,"16":0,"17":0,"18":0,"19":0,"20":6,"21":0,"22":0,"23":0,"24":0,"25":0,"26":0,"27":6,"28":0,"29":0,"30":0,"31":0,"32":0,"33":0,"34":6,"35":0,"36":0,"37":0,"38":0,"39":0,"40":0,"41":0,"42":6,"43":0,"44":0,"45":0,"46":0,"47":0,"48":0,"49":0,"50":6,"51":6,"52":0,"53":0,"54":0,"55":0,"56":0,"57":0,"58":0,"59":0,"60":0,"61":0,"62":0,"63":0,"64":6,"65":5,"66":0,"67":5,"68":0,"69":5,"70":5,"71":20,"72":5,"73":1,"74":4,"75":0,"76":4,"77":2,"78":0,"79":0,"80":0,"81":0,"82":0,"83":0,"84":0,"85":0,"86":0,"87":2,"88":5,"89":6,"90":0,"91":0,"92":0,"93":0,"94":6,"95":24,"96":96,"97":5,"98":1},"f":{"0":6,"1":24,"2":6,"3":0,"4":0,"5":0,"6":0,"7":0,"8":6,"9":0,"10":0,"11":0,"12":5,"13":20,"14":0,"15":0,"16":0,"17":24,"18":96,"19":5},"b":{"0":[0],"1":[0],"2":[0],"3":[6,0,0],"4":[0,0],"5":[0,0],"6":[0],"7":[5,5],"8":[0],"9":[1,4],"10":[0,4],"11":[2,2],"12":[4,4],"13":[0,0],"14":[0,0],"15":[9,87],"16":[6,81],"17":[9,87],"18":[6,81],"19":[26,70],"20":[96,81],"21":[6,5]}}
,"D:\\mds\\Tests\\morpion-vite\\src\\morpion.ts": {"path":"D:\\mds\\Tests\\morpion-vite\\src\\morpion.ts","statementMap":{"0":{"start":{"line":14,"column":8},"end":{"line":14,"column":25}},"1":{"start":{"line":15,"column":8},"end":{"line":15,"column":37}},"2":{"start":{"line":16,"column":8},"end":{"line":19,"column":9}},"3":{"start":{"line":17,"column":12},"end":{"line":17,"column":21}},"4":{"start":{"line":18,"column":12},"end":{"line":18,"column":24}},"5":{"start":{"line":20,"column":8},"end":{"line":20,"column":85}},"6":{"start":{"line":20,"column":55},"end":{"line":20,"column":83}},"7":{"start":{"line":21,"column":8},"end":{"line":21,"column":33}},"8":{"start":{"line":22,"column":8},"end":{"line":22,"column":27}},"9":{"start":{"line":23,"column":8},"end":{"line":23,"column":28}},"10":{"start":{"line":24,"column":8},"end":{"line":24,"column":31}},"11":{"start":{"line":28,"column":8},"end":{"line":28,"column":61}},"12":{"start":{"line":28,"column":48},"end":{"line":28,"column":61}},"13":{"start":{"line":29,"column":8},"end":{"line":29,"column":49}},"14":{"start":{"line":30,"column":8},"end":{"line":36,"column":9}},"15":{"start":{"line":31,"column":12},"end":{"line":31,"column":45}},"16":{"start":{"line":32,"column":15},"end":{"line":36,"column":9}},"17":{"start":{"line":32,"column":50},"end":{"line":32,"column":54}},"18":{"start":{"line":33,"column":12},"end":{"line":33,"column":31}},"19":{"start":{"line":35,"column":12},"end":{"line":35,"column":72}},"20":{"start":{"line":37,"column":8},"end":{"line":37,"column":20}},"21":{"start":{"line":41,"column":18},"end":{"line":41,"column":27}},"22":{"start":{"line":42,"column":18},"end":{"line":42,"column":36}},"23":{"start":{"line":44,"column":27},"end":{"line":46,"column":10}},"24":{"start":{"line":48,"column":8},"end":{"line":64,"column":9}},"25":{"start":{"line":49,"column":24},"end":{"line":49,"column":25}},"26":{"start":{"line":50,"column":20},"end":{"line":50,"column":28}},"27":{"start":{"line":50,"column":34},"end":{"line":50,"column":42}},"28":{"start":{"line":51,"column":12},"end":{"line":55,"column":13}},"29":{"start":{"line":52,"column":16},"end":{"line":52,"column":24}},"30":{"start":{"line":53,"column":16},"end":{"line":53,"column":24}},"31":{"start":{"line":54,"column":16},"end":{"line":54,"column":24}},"32":{"start":{"line":56,"column":12},"end":{"line":56,"column":25}},"33":{"start":{"line":57,"column":12},"end":{"line":57,"column":25}},"34":{"start":{"line":58,"column":12},"end":{"line":62,"column":13}},"35":{"start":{"line":59,"column":16},"end":{"line":59,"column":24}},"36":{"start":{"line":60,"column":16},"end":{"line":60,"column":24}},"37":{"start":{"line":61,"column":16},"end":{"line":61,"column":24}},"38":{"start":{"line":63,"column":12},"end":{"line":63,"column":51}},"39":{"start":{"line":63,"column":39},"end":{"line":63,"column":51}},"40":{"start":{"line":65,"column":8},"end":{"line":65,"column":21}},"41":{"start":{"line":69,"column":8},"end":{"line":69,"column":53}},"42":{"start":{"line":69,"column":40},"end":{"line":69,"column":53}},"43":{"start":{"line":71,"column":8},"end":{"line":80,"column":9}},"44":{"start":{"line":71,"column":43},"end":{"line":71,"column":56}},"45":{"start":{"line":72,"column":46},"end":{"line":72,"column":48}},"46":{"start":{"line":73,"column":12},"end":{"line":77,"column":13}},"47":{"start":{"line":73,"column":25},"end":{"line":73,"column":26}},"48":{"start":{"line":74,"column":16},"end":{"line":76,"column":17}},"49":{"start":{"line":74,"column":29},"end":{"line":74,"column":30}},"50":{"start":{"line":75,"column":20},"end":{"line":75,"column":39}},"51":{"start":{"line":78,"column":31},"end":{"line":78,"column":78}},"52":{"start":{"line":79,"column":12},"end":{"line":79,"column":39}},"53":{"start":{"line":83,"column":24},"end":{"line":83,"column":49}},"54":{"start":{"line":84,"column":8},"end":{"line":84,"column":68}},"55":{"start":{"line":84,"column":23},"end":{"line":84,"column":68}},"56":{"start":{"line":86,"column":30},"end":{"line":86,"column":71}},"57":{"start":{"line":87,"column":8},"end":{"line":87,"column":86}},"58":{"start":{"line":87,"column":29},"end":{"line":87,"column":86}},"59":{"start":{"line":90,"column":22},"end":{"line":90,"column":47}},"60":{"start":{"line":91,"column":8},"end":{"line":91,"column":62}},"61":{"start":{"line":91,"column":21},"end":{"line":91,"column":62}},"62":{"start":{"line":93,"column":29},"end":{"line":93,"column":70}},"63":{"start":{"line":94,"column":8},"end":{"line":94,"column":83}},"64":{"start":{"line":94,"column":28},"end":{"line":94,"column":83}},"65":{"start":{"line":97,"column":24},"end":{"line":97,"column":33}},"66":{"start":{"line":98,"column":48},"end":{"line":98,"column":52}},"67":{"start":{"line":99,"column":8},"end":{"line":111,"column":9}},"68":{"start":{"line":99,"column":21},"end":{"line":99,"column":22}},"69":{"start":{"line":100,"column":12},"end":{"line":110,"column":13}},"70":{"start":{"line":100,"column":25},"end":{"line":100,"column":26}},"71":{"start":{"line":101,"column":16},"end":{"line":109,"column":17}},"72":{"start":{"line":102,"column":20},"end":{"line":102,"column":42}},"73":{"start":{"line":103,"column":34},"end":{"line":103,"column":67}},"74":{"start":{"line":104,"column":20},"end":{"line":104,"column":43}},"75":{"start":{"line":105,"column":20},"end":{"line":108,"column":21}},"76":{"start":{"line":106,"column":24},"end":{"line":106,"column":42}},"77":{"start":{"line":107,"column":24},"end":{"line":107,"column":42}},"78":{"start":{"line":112,"column":8},"end":{"line":114,"column":9}},"79":{"start":{"line":113,"column":12},"end":{"line":113,"column":55}},"80":{"start":{"line":117,"column":8},"end":{"line":123,"column":9}},"81":{"start":{"line":117,"column":21},"end":{"line":117,"column":22}},"82":{"start":{"line":118,"column":12},"end":{"line":122,"column":13}},"83":{"start":{"line":118,"column":25},"end":{"line":118,"column":26}},"84":{"start":{"line":119,"column":16},"end":{"line":121,"column":17}},"85":{"start":{"line":120,"column":20},"end":{"line":120,"column":43}},"86":{"start":{"line":124,"column":8},"end":{"line":124,"column":21}},"87":{"start":{"line":130,"column":18},"end":{"line":130,"column":27}},"88":{"start":{"line":131,"column":27},"end":{"line":133,"column":10}},"89":{"start":{"line":134,"column":20},"end":{"line":134,"column":21}},"90":{"start":{"line":135,"column":8},"end":{"line":151,"column":9}},"91":{"start":{"line":136,"column":24},"end":{"line":136,"column":25}},"92":{"start":{"line":137,"column":20},"end":{"line":137,"column":28}},"93":{"start":{"line":137,"column":34},"end":{"line":137,"column":42}},"94":{"start":{"line":138,"column":12},"end":{"line":142,"column":13}},"95":{"start":{"line":139,"column":16},"end":{"line":139,"column":24}},"96":{"start":{"line":140,"column":16},"end":{"line":140,"column":24}},"97":{"start":{"line":141,"column":16},"end":{"line":141,"column":24}},"98":{"start":{"line":143,"column":12},"end":{"line":143,"column":25}},"99":{"start":{"line":144,"column":12},"end":{"line":144,"column":25}},"100":{"start":{"line":145,"column":12},"end":{"line":149,"column":13}},"101":{"start":{"line":146,"column":16},"end":{"line":146,"column":24}},"102":{"start":{"line":147,"column":16},"end":{"line":147,"column":24}},"103":{"start":{"line":148,"column":16},"end":{"line":148,"column":24}},"104":{"start":{"line":150,"column":12},"end":{"line":150,"column":43}},"105":{"start":{"line":152,"column":8},"end":{"line":152,"column":21}},"106":{"start":{"line":156,"column":8},"end":{"line":165,"column":9}},"107":{"start":{"line":156,"column":21},"end":{"line":156,"column":22}},"108":{"start":{"line":157,"column":12},"end":{"line":164,"column":13}},"109":{"start":{"line":157,"column":25},"end":{"line":157,"column":26}},"110":{"start":{"line":158,"column":16},"end":{"line":163,"column":17}},"111":{"start":{"line":159,"column":20},"end":{"line":159,"column":45}},"112":{"start":{"line":160,"column":32},"end":{"line":160,"column":65}},"113":{"start":{"line":161,"column":20},"end":{"line":161,"column":43}},"114":{"start":{"line":162,"column":20},"end":{"line":162,"column":43}},"115":{"start":{"line":162,"column":29},"end":{"line":162,"column":43}},"116":{"start":{"line":166,"column":8},"end":{"line":166,"column":20}},"117":{"start":{"line":170,"column":8},"end":{"line":179,"column":9}},"118":{"start":{"line":170,"column":21},"end":{"line":170,"column":22}},"119":{"start":{"line":171,"column":12},"end":{"line":178,"column":13}},"120":{"start":{"line":171,"column":25},"end":{"line":171,"column":26}},"121":{"start":{"line":172,"column":16},"end":{"line":177,"column":17}},"122":{"start":{"line":173,"column":20},"end":{"line":173,"column":45}},"123":{"start":{"line":174,"column":35},"end":{"line":174,"column":75}},"124":{"start":{"line":175,"column":20},"end":{"line":175,"column":43}},"125":{"start":{"line":176,"column":20},"end":{"line":176,"column":46}},"126":{"start":{"line":176,"column":32},"end":{"line":176,"column":46}},"127":{"start":{"line":180,"column":8},"end":{"line":180,"column":20}},"128":{"start":{"line":184,"column":8},"end":{"line":216,"column":9}},"129":{"start":{"line":184,"column":21},"end":{"line":184,"column":22}},"130":{"start":{"line":185,"column":12},"end":{"line":215,"column":13}},"131":{"start":{"line":185,"column":25},"end":{"line":185,"column":26}},"132":{"start":{"line":186,"column":16},"end":{"line":214,"column":17}},"133":{"start":{"line":187,"column":20},"end":{"line":187,"column":45}},"134":{"start":{"line":188,"column":20},"end":{"line":191,"column":21}},"135":{"start":{"line":189,"column":24},"end":{"line":189,"column":47}},"136":{"start":{"line":190,"column":24},"end":{"line":190,"column":36}},"137":{"start":{"line":192,"column":20},"end":{"line":212,"column":21}},"138":{"start":{"line":193,"column":49},"end":{"line":193,"column":75}},"139":{"start":{"line":194,"column":47},"end":{"line":194,"column":52}},"140":{"start":{"line":195,"column":24},"end":{"line":207,"column":25}},"141":{"start":{"line":195,"column":37},"end":{"line":195,"column":38}},"142":{"start":{"line":196,"column":28},"end":{"line":205,"column":29}},"143":{"start":{"line":196,"column":41},"end":{"line":196,"column":42}},"144":{"start":{"line":197,"column":32},"end":{"line":204,"column":33}},"145":{"start":{"line":198,"column":36},"end":{"line":198,"column":63}},"146":{"start":{"line":199,"column":36},"end":{"line":201,"column":37}},"147":{"start":{"line":200,"column":40},"end":{"line":200,"column":64}},"148":{"start":{"line":202,"column":36},"end":{"line":202,"column":59}},"149":{"start":{"line":203,"column":36},"end":{"line":203,"column":64}},"150":{"start":{"line":203,"column":58},"end":{"line":203,"column":64}},"151":{"start":{"line":206,"column":28},"end":{"line":206,"column":56}},"152":{"start":{"line":206,"column":50},"end":{"line":206,"column":56}},"153":{"start":{"line":208,"column":24},"end":{"line":211,"column":25}},"154":{"start":{"line":209,"column":28},"end":{"line":209,"column":51}},"155":{"start":{"line":210,"column":28},"end":{"line":210,"column":40}},"156":{"start":{"line":213,"column":20},"end":{"line":213,"column":43}},"157":{"start":{"line":217,"column":8},"end":{"line":217,"column":21}},"158":{"start":{"line":221,"column":18},"end":{"line":221,"column":27}},"159":{"start":{"line":222,"column":27},"end":{"line":224,"column":10}},"160":{"start":{"line":225,"column":8},"end":{"line":241,"column":9}},"161":{"start":{"line":226,"column":24},"end":{"line":226,"column":25}},"162":{"start":{"line":227,"column":20},"end":{"line":227,"column":28}},"163":{"start":{"line":227,"column":34},"end":{"line":227,"column":42}},"164":{"start":{"line":228,"column":12},"end":{"line":232,"column":13}},"165":{"start":{"line":229,"column":16},"end":{"line":229,"column":24}},"166":{"start":{"line":230,"column":16},"end":{"line":230,"column":24}},"167":{"start":{"line":231,"column":16},"end":{"line":231,"column":24}},"168":{"start":{"line":233,"column":12},"end":{"line":233,"column":25}},"169":{"start":{"line":234,"column":12},"end":{"line":234,"column":25}},"170":{"start":{"line":235,"column":12},"end":{"line":239,"column":13}},"171":{"start":{"line":236,"column":16},"end":{"line":236,"column":24}},"172":{"start":{"line":237,"column":16},"end":{"line":237,"column":24}},"173":{"start":{"line":238,"column":16},"end":{"line":238,"column":24}},"174":{"start":{"line":240,"column":12},"end":{"line":240,"column":51}},"175":{"start":{"line":240,"column":39},"end":{"line":240,"column":51}},"176":{"start":{"line":242,"column":8},"end":{"line":242,"column":21}},"177":{"start":{"line":4,"column":0},"end":{"line":4,"column":13}}},"fnMap":{"0":{"name":"(anonymous_0)","decl":{"start":{"line":13,"column":4},"end":{"line":13,"column":16}},"loc":{"start":{"line":13,"column":77},"end":{"line":25,"column":5}}},"1":{"name":"(anonymous_1)","decl":{"start":{"line":20,"column":49},"end":{"line":20,"column":52}},"loc":{"start":{"line":20,"column":55},"end":{"line":20,"column":83}}},"2":{"name":"(anonymous_2)","decl":{"start":{"line":27,"column":4},"end":{"line":27,"column":8}},"loc":{"start":{"line":27,"column":33},"end":{"line":38,"column":5}}},"3":{"name":"(anonymous_3)","decl":{"start":{"line":32,"column":42},"end":{"line":32,"column":46}},"loc":{"start":{"line":32,"column":50},"end":{"line":32,"column":54}}},"4":{"name":"(anonymous_4)","decl":{"start":{"line":40,"column":4},"end":{"line":40,"column":12}},"loc":{"start":{"line":40,"column":37},"end":{"line":66,"column":5}}},"5":{"name":"(anonymous_5)","decl":{"start":{"line":68,"column":4},"end":{"line":68,"column":10}},"loc":{"start":{"line":68,"column":10},"end":{"line":125,"column":5}}},"6":{"name":"(anonymous_6)","decl":{"start":{"line":71,"column":35},"end":{"line":71,"column":39}},"loc":{"start":{"line":71,"column":43},"end":{"line":71,"column":56}}},"7":{"name":"(anonymous_7)","decl":{"start":{"line":128,"column":12},"end":{"line":128,"column":29}},"loc":{"start":{"line":128,"column":70},"end":{"line":153,"column":5}}},"8":{"name":"(anonymous_8)","decl":{"start":{"line":155,"column":12},"end":{"line":155,"column":27}},"loc":{"start":{"line":155,"column":42},"end":{"line":167,"column":5}}},"9":{"name":"(anonymous_9)","decl":{"start":{"line":169,"column":12},"end":{"line":169,"column":26}},"loc":{"start":{"line":169,"column":59},"end":{"line":181,"column":5}}},"10":{"name":"(anonymous_10)","decl":{"start":{"line":183,"column":12},"end":{"line":183,"column":25}},"loc":{"start":{"line":183,"column":55},"end":{"line":218,"column":5}}},"11":{"name":"(anonymous_11)","decl":{"start":{"line":220,"column":12},"end":{"line":220,"column":26}},"loc":{"start":{"line":220,"column":67},"end":{"line":243,"column":5}}}},"branchMap":{"0":{"loc":{"start":{"line":13,"column":16},"end":{"line":13,"column":32}},"type":"default-arg","locations":[{"start":{"line":13,"column":31},"end":{"line":13,"column":32}}]},"1":{"loc":{"start":{"line":13,"column":34},"end":{"line":13,"column":53}},"type":"default-arg","locations":[{"start":{"line":13,"column":52},"end":{"line":13,"column":53}}]},"2":{"loc":{"start":{"line":13,"column":55},"end":{"line":13,"column":77}},"type":"default-arg","locations":[{"start":{"line":13,"column":76},"end":{"line":13,"column":77}}]},"3":{"loc":{"start":{"line":16,"column":8},"end":{"line":19,"column":9}},"type":"if","locations":[{"start":{"line":16,"column":8},"end":{"line":19,"column":9}}]},"4":{"loc":{"start":{"line":16,"column":12},"end":{"line":16,"column":53}},"type":"binary-expr","locations":[{"start":{"line":16,"column":12},"end":{"line":16,"column":20}},{"start":{"line":16,"column":24},"end":{"line":16,"column":35}},{"start":{"line":16,"column":39},"end":{"line":16,"column":53}}]},"5":{"loc":{"start":{"line":28,"column":8},"end":{"line":28,"column":61}},"type":"if","locations":[{"start":{"line":28,"column":8},"end":{"line":28,"column":61}}]},"6":{"loc":{"start":{"line":28,"column":12},"end":{"line":28,"column":46}},"type":"binary-expr","locations":[{"start":{"line":28,"column":12},"end":{"line":28,"column":31}},{"start":{"line":28,"column":35},"end":{"line":28,"column":46}}]},"7":{"loc":{"start":{"line":30,"column":8},"end":{"line":36,"column":9}},"type":"if","locations":[{"start":{"line":30,"column":8},"end":{"line":36,"column":9}},{"start":{"line":32,"column":15},"end":{"line":36,"column":9}}]},"8":{"loc":{"start":{"line":32,"column":15},"end":{"line":36,"column":9}},"type":"if","locations":[{"start":{"line":32,"column":15},"end":{"line":36,"column":9}},{"start":{"line":34,"column":15},"end":{"line":36,"column":9}}]},"9":{"loc":{"start":{"line":35,"column":33},"end":{"line":35,"column":71}},"type":"cond-expr","locations":[{"start":{"line":35,"column":62},"end":{"line":35,"column":65}},{"start":{"line":35,"column":68},"end":{"line":35,"column":71}}]},"10":{"loc":{"start":{"line":51,"column":19},"end":{"line":51,"column":78}},"type":"binary-expr","locations":[{"start":{"line":51,"column":19},"end":{"line":51,"column":25}},{"start":{"line":51,"column":29},"end":{"line":51,"column":34}},{"start":{"line":51,"column":38},"end":{"line":51,"column":44}},{"start":{"line":51,"column":48},"end":{"line":51,"column":53}},{"start":{"line":51,"column":57},"end":{"line":51,"column":78}}]},"11":{"loc":{"start":{"line":58,"column":19},"end":{"line":58,"column":78}},"type":"binary-expr","locations":[{"start":{"line":58,"column":19},"end":{"line":58,"column":25}},{"start":{"line":58,"column":29},"end":{"line":58,"column":34}},{"start":{"line":58,"column":38},"end":{"line":58,"column":44}},{"start":{"line":58,"column":48},"end":{"line":58,"column":53}},{"start":{"line":58,"column":57},"end":{"line":58,"column":78}}]},"12":{"loc":{"start":{"line":63,"column":12},"end":{"line":63,"column":51}},"type":"if","locations":[{"start":{"line":63,"column":12},"end":{"line":63,"column":51}}]},"13":{"loc":{"start":{"line":69,"column":8},"end":{"line":69,"column":53}},"type":"if","locations":[{"start":{"line":69,"column":8},"end":{"line":69,"column":53}}]},"14":{"loc":{"start":{"line":69,"column":12},"end":{"line":69,"column":38}},"type":"binary-expr","locations":[{"start":{"line":69,"column":12},"end":{"line":69,"column":23}},{"start":{"line":69,"column":27},"end":{"line":69,"column":38}}]},"15":{"loc":{"start":{"line":71,"column":8},"end":{"line":80,"column":9}},"type":"if","locations":[{"start":{"line":71,"column":8},"end":{"line":80,"column":9}}]},"16":{"loc":{"start":{"line":84,"column":8},"end":{"line":84,"column":68}},"type":"if","locations":[{"start":{"line":84,"column":8},"end":{"line":84,"column":68}}]},"17":{"loc":{"start":{"line":87,"column":8},"end":{"line":87,"column":86}},"type":"if","locations":[{"start":{"line":87,"column":8},"end":{"line":87,"column":86}}]},"18":{"loc":{"start":{"line":91,"column":8},"end":{"line":91,"column":62}},"type":"if","locations":[{"start":{"line":91,"column":8},"end":{"line":91,"column":62}}]},"19":{"loc":{"start":{"line":94,"column":8},"end":{"line":94,"column":83}},"type":"if","locations":[{"start":{"line":94,"column":8},"end":{"line":94,"column":83}}]},"20":{"loc":{"start":{"line":101,"column":16},"end":{"line":109,"column":17}},"type":"if","locations":[{"start":{"line":101,"column":16},"end":{"line":109,"column":17}}]},"21":{"loc":{"start":{"line":105,"column":20},"end":{"line":108,"column":21}},"type":"if","locations":[{"start":{"line":105,"column":20},"end":{"line":108,"column":21}}]},"22":{"loc":{"start":{"line":112,"column":8},"end":{"line":114,"column":9}},"type":"if","locations":[{"start":{"line":112,"column":8},"end":{"line":114,"column":9}}]},"23":{"loc":{"start":{"line":119,"column":16},"end":{"line":121,"column":17}},"type":"if","locations":[{"start":{"line":119,"column":16},"end":{"line":121,"column":17}}]},"24":{"loc":{"start":{"line":138,"column":19},"end":{"line":138,"column":83}},"type":"binary-expr","locations":[{"start":{"line":138,"column":19},"end":{"line":138,"column":25}},{"start":{"line":138,"column":29},"end":{"line":138,"column":34}},{"start":{"line":138,"column":38},"end":{"line":138,"column":44}},{"start":{"line":138,"column":48},"end":{"line":138,"column":53}},{"start":{"line":138,"column":57},"end":{"line":138,"column":83}}]},"25":{"loc":{"start":{"line":145,"column":19},"end":{"line":145,"column":83}},"type":"binary-expr","locations":[{"start":{"line":145,"column":19},"end":{"line":145,"column":25}},{"start":{"line":145,"column":29},"end":{"line":145,"column":34}},{"start":{"line":145,"column":38},"end":{"line":145,"column":44}},{"start":{"line":145,"column":48},"end":{"line":145,"column":53}},{"start":{"line":145,"column":57},"end":{"line":145,"column":83}}]},"26":{"loc":{"start":{"line":158,"column":16},"end":{"line":163,"column":17}},"type":"if","locations":[{"start":{"line":158,"column":16},"end":{"line":163,"column":17}}]},"27":{"loc":{"start":{"line":162,"column":20},"end":{"line":162,"column":43}},"type":"if","locations":[{"start":{"line":162,"column":20},"end":{"line":162,"column":43}}]},"28":{"loc":{"start":{"line":172,"column":16},"end":{"line":177,"column":17}},"type":"if","locations":[{"start":{"line":172,"column":16},"end":{"line":177,"column":17}}]},"29":{"loc":{"start":{"line":176,"column":20},"end":{"line":176,"column":46}},"type":"if","locations":[{"start":{"line":176,"column":20},"end":{"line":176,"column":46}}]},"30":{"loc":{"start":{"line":186,"column":16},"end":{"line":214,"column":17}},"type":"if","locations":[{"start":{"line":186,"column":16},"end":{"line":214,"column":17}}]},"31":{"loc":{"start":{"line":188,"column":20},"end":{"line":191,"column":21}},"type":"if","locations":[{"start":{"line":188,"column":20},"end":{"line":191,"column":21}}]},"32":{"loc":{"start":{"line":192,"column":20},"end":{"line":212,"column":21}},"type":"if","locations":[{"start":{"line":192,"column":20},"end":{"line":212,"column":21}}]},"33":{"loc":{"start":{"line":193,"column":49},"end":{"line":193,"column":75}},"type":"cond-expr","locations":[{"start":{"line":193,"column":66},"end":{"line":193,"column":69}},{"start":{"line":193,"column":72},"end":{"line":193,"column":75}}]},"34":{"loc":{"start":{"line":197,"column":32},"end":{"line":204,"column":33}},"type":"if","locations":[{"start":{"line":197,"column":32},"end":{"line":204,"column":33}}]},"35":{"loc":{"start":{"line":199,"column":36},"end":{"line":201,"column":37}},"type":"if","locations":[{"start":{"line":199,"column":36},"end":{"line":201,"column":37}}]},"36":{"loc":{"start":{"line":203,"column":36},"end":{"line":203,"column":64}},"type":"if","locations":[{"start":{"line":203,"column":36},"end":{"line":203,"column":64}}]},"37":{"loc":{"start":{"line":206,"column":28},"end":{"line":206,"column":56}},"type":"if","locations":[{"start":{"line":206,"column":28},"end":{"line":206,"column":56}}]},"38":{"loc":{"start":{"line":208,"column":24},"end":{"line":211,"column":25}},"type":"if","locations":[{"start":{"line":208,"column":24},"end":{"line":211,"column":25}}]},"39":{"loc":{"start":{"line":228,"column":19},"end":{"line":228,"column":83}},"type":"binary-expr","locations":[{"start":{"line":228,"column":19},"end":{"line":228,"column":25}},{"start":{"line":228,"column":29},"end":{"line":228,"column":34}},{"start":{"line":228,"column":38},"end":{"line":228,"column":44}},{"start":{"line":228,"column":48},"end":{"line":228,"column":53}},{"start":{"line":228,"column":57},"end":{"line":228,"column":83}}]},"40":{"loc":{"start":{"line":235,"column":19},"end":{"line":235,"column":83}},"type":"binary-expr","locations":[{"start":{"line":235,"column":19},"end":{"line":235,"column":25}},{"start":{"line":235,"column":29},"end":{"line":235,"column":34}},{"start":{"line":235,"column":38},"end":{"line":235,"column":44}},{"start":{"line":235,"column":48},"end":{"line":235,"column":53}},{"start":{"line":235,"column":57},"end":{"line":235,"column":83}}]},"41":{"loc":{"start":{"line":240,"column":12},"end":{"line":240,"column":51}},"type":"if","locations":[{"start":{"line":240,"column":12},"end":{"line":240,"column":51}}]}},"s":{"0":33,"1":33,"2":33,"3":0,"4":0,"5":33,"6":130,"7":33,"8":33,"9":33,"10":33,"11":146,"12":7,"13":139,"14":139,"15":17,"16":122,"17":360,"18":2,"19":120,"20":139,"21":139,"22":139,"23":139,"24":139,"25":519,"26":519,"27":519,"28":519,"29":7,"30":7,"31":7,"32":519,"33":519,"34":519,"35":124,"36":124,"37":124,"38":519,"39":17,"40":122,"41":14,"42":2,"43":12,"44":83,"45":3,"46":3,"47":3,"48":13,"49":13,"50":67,"51":3,"52":3,"53":9,"54":9,"55":4,"56":5,"57":5,"58":5,"59":0,"60":0,"61":0,"62":0,"63":0,"64":0,"65":0,"66":0,"67":0,"68":0,"69":0,"70":0,"71":0,"72":0,"73":0,"74":0,"75":0,"76":0,"77":0,"78":0,"79":0,"80":0,"81":0,"82":0,"83":0,"84":0,"85":0,"86":0,"87":0,"88":0,"89":0,"90":0,"91":0,"92":0,"93":0,"94":0,"95":0,"96":0,"97":0,"98":0,"99":0,"100":0,"101":0,"102":0,"103":0,"104":0,"105":0,"106":9,"107":9,"108":22,"109":22,"110":65,"111":34,"112":34,"113":34,"114":34,"115":4,"116":5,"117":5,"118":5,"119":7,"120":7,"121":16,"122":5,"123":5,"124":5,"125":5,"126":5,"127":0,"128":58,"129":58,"130":147,"131":147,"132":423,"133":77,"134":77,"135":29,"136":29,"137":48,"138":29,"139":29,"140":29,"141":29,"142":78,"143":78,"144":221,"145":53,"146":53,"147":22,"148":53,"149":53,"150":22,"151":78,"152":22,"153":29,"154":7,"155":7,"156":41,"157":22,"158":111,"159":111,"160":111,"161":366,"162":366,"163":366,"164":366,"165":81,"166":81,"167":81,"168":366,"169":366,"170":366,"171":124,"172":124,"173":124,"174":366,"175":33,"176":78,"177":2},"f":{"0":33,"1":130,"2":146,"3":360,"4":139,"5":14,"6":83,"7":0,"8":9,"9":5,"10":58,"11":111},"b":{"0":[0],"1":[18],"2":[27],"3":[0],"4":[33,33,33],"5":[7],"6":[146,143],"7":[17,122],"8":[2,120],"9":[63,57],"10":[526,526,492,449,416],"11":[643,427,427,316,309],"12":[17],"13":[2],"14":[14,12],"15":[3],"16":[4],"17":[5],"18":[0],"19":[0],"20":[0],"21":[0],"22":[0],"23":[0],"24":[0,0,0,0,0],"25":[0,0,0,0,0],"26":[34],"27":[4],"28":[5],"29":[5],"30":[77],"31":[29],"32":[29],"33":[29,0],"34":[53],"35":[22],"36":[22],"37":[22],"38":[7],"39":[447,447,295,271,196],"40":[490,396,396,296,270],"41":[33]}}
}
