{"D:\\mds\\Tests\\morpion-vite\\src\\App.tsx": {"path":"D:\\mds\\Tests\\morpion-vite\\src\\App.tsx","statementMap":{"0":{"start":{"line":1,"column":0},"end":{"line":1,"column":40}},"1":{"start":{"line":2,"column":0},"end":{"line":2,"column":36}},"2":{"start":{"line":5,"column":2},"end":{"line":5,"column":83}},"3":{"start":{"line":5,"column":44},"end":{"line":5,"column":81}},"4":{"start":{"line":8,"column":12},"end":{"line":115,"column":1}},"5":{"start":{"line":9,"column":26},"end":{"line":9,"column":45}},"6":{"start":{"line":10,"column":26},"end":{"line":10,"column":53}},"7":{"start":{"line":11,"column":26},"end":{"line":11,"column":57}},"8":{"start":{"line":12,"column":32},"end":{"line":12,"column":44}},"9":{"start":{"line":13,"column":26},"end":{"line":13,"column":40}},"10":{"start":{"line":15,"column":27},"end":{"line":22,"column":3}},"11":{"start":{"line":16,"column":20},"end":{"line":16,"column":42}},"12":{"start":{"line":17,"column":4},"end":{"line":17,"column":21}},"13":{"start":{"line":18,"column":20},"end":{"line":18,"column":40}},"14":{"start":{"line":19,"column":4},"end":{"line":19,"column":21}},"15":{"start":{"line":20,"column":4},"end":{"line":20,"column":38}},"16":{"start":{"line":21,"column":4},"end":{"line":21,"column":19}},"17":{"start":{"line":24,"column":26},"end":{"line":31,"column":3}},"18":{"start":{"line":25,"column":4},"end":{"line":25,"column":30}},"19":{"start":{"line":27,"column":20},"end":{"line":27,"column":37}},"20":{"start":{"line":28,"column":4},"end":{"line":28,"column":21}},"21":{"start":{"line":29,"column":4},"end":{"line":29,"column":35}},"22":{"start":{"line":30,"column":4},"end":{"line":30,"column":19}},"23":{"start":{"line":33,"column":26},"end":{"line":53,"column":3}},"24":{"start":{"line":34,"column":4},"end":{"line":34,"column":43}},"25":{"start":{"line":34,"column":36},"end":{"line":34,"column":43}},"26":{"start":{"line":35,"column":4},"end":{"line":35,"column":36}},"27":{"start":{"line":35,"column":29},"end":{"line":35,"column":36}},"28":{"start":{"line":36,"column":4},"end":{"line":36,"column":24}},"29":{"start":{"line":37,"column":4},"end":{"line":37,"column":61}},"30":{"start":{"line":37,"column":52},"end":{"line":37,"column":58}},"31":{"start":{"line":38,"column":4},"end":{"line":51,"column":24}},"32":{"start":{"line":38,"column":21},"end":{"line":38,"column":70}},"33":{"start":{"line":39,"column":9},"end":{"line":51,"column":24}},"34":{"start":{"line":39,"column":26},"end":{"line":39,"column":52}},"35":{"start":{"line":40,"column":9},"end":{"line":51,"column":24}},"36":{"start":{"line":42,"column":6},"end":{"line":49,"column":14}},"37":{"start":{"line":43,"column":8},"end":{"line":43,"column":22}},"38":{"start":{"line":44,"column":8},"end":{"line":44,"column":65}},"39":{"start":{"line":44,"column":56},"end":{"line":44,"column":62}},"40":{"start":{"line":45,"column":8},"end":{"line":47,"column":28}},"41":{"start":{"line":45,"column":25},"end":{"line":45,"column":74}},"42":{"start":{"line":46,"column":13},"end":{"line":47,"column":28}},"43":{"start":{"line":46,"column":30},"end":{"line":46,"column":56}},"44":{"start":{"line":47,"column":13},"end":{"line":47,"column":28}},"45":{"start":{"line":48,"column":8},"end":{"line":48,"column":81}},"46":{"start":{"line":51,"column":9},"end":{"line":51,"column":24}},"47":{"start":{"line":52,"column":4},"end":{"line":52,"column":77}},"48":{"start":{"line":55,"column":22},"end":{"line":60,"column":3}},"49":{"start":{"line":56,"column":20},"end":{"line":56,"column":37}},"50":{"start":{"line":57,"column":4},"end":{"line":57,"column":21}},"51":{"start":{"line":58,"column":4},"end":{"line":58,"column":35}},"52":{"start":{"line":59,"column":4},"end":{"line":59,"column":19}},"53":{"start":{"line":62,"column":2},"end":{"line":114,"column":4}},"54":{"start":{"line":86,"column":10},"end":{"line":86,"column":23}},"55":{"start":{"line":88,"column":14},"end":{"line":89,"column":null}},"56":{"start":{"line":90,"column":31},"end":{"line":90,"column":52}},"57":{"start":{"line":117,"column":0},"end":{"line":117,"column":19}}},"fnMap":{"0":{"name":"createEmptyGrid","decl":{"start":{"line":4,"column":9},"end":{"line":4,"column":24}},"loc":{"start":{"line":4,"column":37},"end":{"line":6,"column":1}}},"1":{"name":"(anonymous_1)","decl":{"start":{"line":5,"column":38},"end":{"line":5,"column":41}},"loc":{"start":{"line":5,"column":44},"end":{"line":5,"column":81}}},"2":{"name":"(anonymous_2)","decl":{"start":{"line":8,"column":12},"end":{"line":8,"column":15}},"loc":{"start":{"line":8,"column":17},"end":{"line":115,"column":1}}},"3":{"name":"(anonymous_3)","decl":{"start":{"line":15,"column":27},"end":{"line":15,"column":28}},"loc":{"start":{"line":15,"column":71},"end":{"line":22,"column":3}}},"4":{"name":"(anonymous_4)","decl":{"start":{"line":24,"column":26},"end":{"line":24,"column":27}},"loc":{"start":{"line":24,"column":69},"end":{"line":31,"column":3}}},"5":{"name":"(anonymous_5)","decl":{"start":{"line":33,"column":26},"end":{"line":33,"column":27}},"loc":{"start":{"line":33,"column":55},"end":{"line":53,"column":3}}},"6":{"name":"(anonymous_6)","decl":{"start":{"line":37,"column":26},"end":{"line":37,"column":27}},"loc":{"start":{"line":37,"column":52},"end":{"line":37,"column":58}}},"7":{"name":"(anonymous_7)","decl":{"start":{"line":42,"column":17},"end":{"line":42,"column":20}},"loc":{"start":{"line":42,"column":22},"end":{"line":49,"column":7}}},"8":{"name":"(anonymous_8)","decl":{"start":{"line":44,"column":30},"end":{"line":44,"column":31}},"loc":{"start":{"line":44,"column":56},"end":{"line":44,"column":62}}},"9":{"name":"(anonymous_9)","decl":{"start":{"line":55,"column":22},"end":{"line":55,"column":25}},"loc":{"start":{"line":55,"column":27},"end":{"line":60,"column":3}}},"10":{"name":"(anonymous_10)","decl":{"start":{"line":85,"column":18},"end":{"line":85,"column":19}},"loc":{"start":{"line":86,"column":10},"end":{"line":86,"column":23}}},"11":{"name":"(anonymous_11)","decl":{"start":{"line":87,"column":21},"end":{"line":87,"column":22}},"loc":{"start":{"line":88,"column":14},"end":{"line":89,"column":null}}},"12":{"name":"(anonymous_12)","decl":{"start":{"line":90,"column":25},"end":{"line":90,"column":28}},"loc":{"start":{"line":90,"column":31},"end":{"line":90,"column":52}}}},"branchMap":{"0":{"loc":{"start":{"line":34,"column":4},"end":{"line":34,"column":43}},"type":"if","locations":[{"start":{"line":34,"column":4},"end":{"line":34,"column":43}}]},"1":{"loc":{"start":{"line":34,"column":8},"end":{"line":34,"column":34}},"type":"binary-expr","locations":[{"start":{"line":34,"column":8},"end":{"line":34,"column":19}},{"start":{"line":34,"column":23},"end":{"line":34,"column":34}}]},"2":{"loc":{"start":{"line":35,"column":4},"end":{"line":35,"column":36}},"type":"if","locations":[{"start":{"line":35,"column":4},"end":{"line":35,"column":36}}]},"3":{"loc":{"start":{"line":38,"column":4},"end":{"line":51,"column":24}},"type":"if","locations":[{"start":{"line":38,"column":4},"end":{"line":51,"column":24}},{"start":{"line":39,"column":9},"end":{"line":51,"column":24}}]},"4":{"loc":{"start":{"line":39,"column":9},"end":{"line":51,"column":24}},"type":"if","locations":[{"start":{"line":39,"column":9},"end":{"line":51,"column":24}},{"start":{"line":40,"column":9},"end":{"line":51,"column":24}}]},"5":{"loc":{"start":{"line":40,"column":9},"end":{"line":51,"column":24}},"type":"if","locations":[{"start":{"line":40,"column":9},"end":{"line":51,"column":24}},{"start":{"line":51,"column":9},"end":{"line":51,"column":24}}]},"6":{"loc":{"start":{"line":40,"column":13},"end":{"line":40,"column":47}},"type":"binary-expr","locations":[{"start":{"line":40,"column":13},"end":{"line":40,"column":17}},{"start":{"line":40,"column":21},"end":{"line":40,"column":47}}]},"7":{"loc":{"start":{"line":45,"column":8},"end":{"line":47,"column":28}},"type":"if","locations":[{"start":{"line":45,"column":8},"end":{"line":47,"column":28}},{"start":{"line":46,"column":13},"end":{"line":47,"column":28}}]},"8":{"loc":{"start":{"line":46,"column":13},"end":{"line":47,"column":28}},"type":"if","locations":[{"start":{"line":46,"column":13},"end":{"line":47,"column":28}},{"start":{"line":47,"column":13},"end":{"line":47,"column":28}}]},"9":{"loc":{"start":{"line":91,"column":27},"end":{"line":91,"column":72}},"type":"cond-expr","locations":[{"start":{"line":91,"column":42},"end":{"line":91,"column":45}},{"start":{"line":91,"column":48},"end":{"line":91,"column":72}}]},"10":{"loc":{"start":{"line":91,"column":48},"end":{"line":91,"column":72}},"type":"cond-expr","locations":[{"start":{"line":91,"column":63},"end":{"line":91,"column":66}},{"start":{"line":91,"column":69},"end":{"line":91,"column":72}}]},"11":{"loc":{"start":{"line":97,"column":30},"end":{"line":97,"column":96}},"type":"cond-expr","locations":[{"start":{"line":97,"column":45},"end":{"line":97,"column":57}},{"start":{"line":97,"column":60},"end":{"line":97,"column":96}}]},"12":{"loc":{"start":{"line":97,"column":60},"end":{"line":97,"column":96}},"type":"cond-expr","locations":[{"start":{"line":97,"column":75},"end":{"line":97,"column":87}},{"start":{"line":97,"column":90},"end":{"line":97,"column":96}}]},"13":{"loc":{"start":{"line":98,"column":26},"end":{"line":98,"column":73}},"type":"cond-expr","locations":[{"start":{"line":98,"column":48},"end":{"line":98,"column":61}},{"start":{"line":98,"column":64},"end":{"line":98,"column":73}}]},"14":{"loc":{"start":{"line":98,"column":26},"end":{"line":98,"column":45}},"type":"binary-expr","locations":[{"start":{"line":98,"column":26},"end":{"line":98,"column":30}},{"start":{"line":98,"column":34},"end":{"line":98,"column":45}}]},"15":{"loc":{"start":{"line":108,"column":9},"end":{"line":108,"column":60}},"type":"binary-expr","locations":[{"start":{"line":108,"column":9},"end":{"line":108,"column":16}},{"start":{"line":108,"column":20},"end":{"line":108,"column":60}}]}},"s":{"0":1,"1":1,"2":6,"3":24,"4":1,"5":6,"6":6,"7":6,"8":6,"9":6,"10":6,"11":0,"12":0,"13":0,"14":0,"15":0,"16":0,"17":6,"18":0,"19":0,"20":0,"21":0,"22":0,"23":6,"24":5,"25":0,"26":5,"27":0,"28":5,"29":5,"30":20,"31":5,"32":1,"33":4,"34":0,"35":4,"36":2,"37":0,"38":0,"39":0,"40":0,"41":0,"42":0,"43":0,"44":0,"45":0,"46":2,"47":5,"48":6,"49":0,"50":0,"51":0,"52":0,"53":6,"54":24,"55":96,"56":5,"57":1},"f":{"0":6,"1":24,"2":6,"3":0,"4":0,"5":5,"6":20,"7":0,"8":0,"9":0,"10":24,"11":96,"12":5},"b":{"0":[0],"1":[5,5],"2":[0],"3":[1,4],"4":[0,4],"5":[2,2],"6":[4,4],"7":[0,0],"8":[0,0],"9":[9,87],"10":[6,81],"11":[9,87],"12":[6,81],"13":[26,70],"14":[96,81],"15":[6,5]}}
,"D:\\mds\\Tests\\morpion-vite\\src\\morpion.ts": {"path":"D:\\mds\\Tests\\morpion-vite\\src\\morpion.ts","statementMap":{"0":{"start":{"line":12,"column":8},"end":{"line":12,"column":25}},"1":{"start":{"line":13,"column":8},"end":{"line":13,"column":85}},"2":{"start":{"line":13,"column":55},"end":{"line":13,"column":83}},"3":{"start":{"line":14,"column":8},"end":{"line":14,"column":33}},"4":{"start":{"line":15,"column":8},"end":{"line":15,"column":27}},"5":{"start":{"line":16,"column":8},"end":{"line":16,"column":28}},"6":{"start":{"line":20,"column":8},"end":{"line":20,"column":61}},"7":{"start":{"line":20,"column":48},"end":{"line":20,"column":61}},"8":{"start":{"line":21,"column":8},"end":{"line":21,"column":49}},"9":{"start":{"line":22,"column":8},"end":{"line":28,"column":9}},"10":{"start":{"line":23,"column":12},"end":{"line":23,"column":45}},"11":{"start":{"line":24,"column":15},"end":{"line":28,"column":9}},"12":{"start":{"line":24,"column":50},"end":{"line":24,"column":54}},"13":{"start":{"line":25,"column":12},"end":{"line":25,"column":31}},"14":{"start":{"line":27,"column":12},"end":{"line":27,"column":72}},"15":{"start":{"line":29,"column":8},"end":{"line":29,"column":20}},"16":{"start":{"line":33,"column":18},"end":{"line":33,"column":27}},"17":{"start":{"line":34,"column":18},"end":{"line":34,"column":36}},"18":{"start":{"line":35,"column":24},"end":{"line":35,"column":39}},"19":{"start":{"line":37,"column":27},"end":{"line":39,"column":10}},"20":{"start":{"line":41,"column":8},"end":{"line":57,"column":9}},"21":{"start":{"line":42,"column":24},"end":{"line":42,"column":25}},"22":{"start":{"line":43,"column":20},"end":{"line":43,"column":28}},"23":{"start":{"line":43,"column":34},"end":{"line":43,"column":42}},"24":{"start":{"line":44,"column":12},"end":{"line":48,"column":13}},"25":{"start":{"line":45,"column":16},"end":{"line":45,"column":24}},"26":{"start":{"line":46,"column":16},"end":{"line":46,"column":24}},"27":{"start":{"line":47,"column":16},"end":{"line":47,"column":24}},"28":{"start":{"line":49,"column":12},"end":{"line":49,"column":25}},"29":{"start":{"line":50,"column":12},"end":{"line":50,"column":25}},"30":{"start":{"line":51,"column":12},"end":{"line":55,"column":13}},"31":{"start":{"line":52,"column":16},"end":{"line":52,"column":24}},"32":{"start":{"line":53,"column":16},"end":{"line":53,"column":24}},"33":{"start":{"line":54,"column":16},"end":{"line":54,"column":24}},"34":{"start":{"line":56,"column":12},"end":{"line":56,"column":46}},"35":{"start":{"line":56,"column":34},"end":{"line":56,"column":46}},"36":{"start":{"line":58,"column":8},"end":{"line":58,"column":21}},"37":{"start":{"line":62,"column":8},"end":{"line":62,"column":53}},"38":{"start":{"line":62,"column":40},"end":{"line":62,"column":53}},"39":{"start":{"line":63,"column":24},"end":{"line":63,"column":33}},"40":{"start":{"line":64,"column":44},"end":{"line":64,"column":48}},"41":{"start":{"line":66,"column":8},"end":{"line":78,"column":9}},"42":{"start":{"line":66,"column":21},"end":{"line":66,"column":22}},"43":{"start":{"line":67,"column":12},"end":{"line":77,"column":13}},"44":{"start":{"line":67,"column":25},"end":{"line":67,"column":26}},"45":{"start":{"line":68,"column":16},"end":{"line":76,"column":17}},"46":{"start":{"line":69,"column":20},"end":{"line":69,"column":57}},"47":{"start":{"line":70,"column":32},"end":{"line":70,"column":54}},"48":{"start":{"line":71,"column":20},"end":{"line":71,"column":43}},"49":{"start":{"line":72,"column":20},"end":{"line":75,"column":21}},"50":{"start":{"line":73,"column":24},"end":{"line":73,"column":42}},"51":{"start":{"line":74,"column":24},"end":{"line":74,"column":38}},"52":{"start":{"line":79,"column":8},"end":{"line":81,"column":9}},"53":{"start":{"line":80,"column":12},"end":{"line":80,"column":47}},"54":{"start":{"line":82,"column":8},"end":{"line":82,"column":21}},"55":{"start":{"line":87,"column":8},"end":{"line":87,"column":53}},"56":{"start":{"line":87,"column":35},"end":{"line":87,"column":53}},"57":{"start":{"line":88,"column":8},"end":{"line":88,"column":53}},"58":{"start":{"line":88,"column":35},"end":{"line":88,"column":53}},"59":{"start":{"line":89,"column":8},"end":{"line":89,"column":59}},"60":{"start":{"line":89,"column":43},"end":{"line":89,"column":47}},"61":{"start":{"line":89,"column":50},"end":{"line":89,"column":59}},"62":{"start":{"line":91,"column":8},"end":{"line":91,"column":33}},"63":{"start":{"line":91,"column":24},"end":{"line":91,"column":33}},"64":{"start":{"line":93,"column":24},"end":{"line":93,"column":59}},"65":{"start":{"line":94,"column":31},"end":{"line":94,"column":107}},"66":{"start":{"line":96,"column":8},"end":{"line":109,"column":9}},"67":{"start":{"line":96,"column":21},"end":{"line":96,"column":22}},"68":{"start":{"line":97,"column":12},"end":{"line":108,"column":13}},"69":{"start":{"line":97,"column":25},"end":{"line":97,"column":26}},"70":{"start":{"line":98,"column":16},"end":{"line":107,"column":17}},"71":{"start":{"line":99,"column":20},"end":{"line":99,"column":45}},"72":{"start":{"line":100,"column":32},"end":{"line":100,"column":70}},"73":{"start":{"line":101,"column":20},"end":{"line":101,"column":43}},"74":{"start":{"line":102,"column":20},"end":{"line":106,"column":21}},"75":{"start":{"line":103,"column":24},"end":{"line":103,"column":63}},"76":{"start":{"line":105,"column":24},"end":{"line":105,"column":63}},"77":{"start":{"line":110,"column":8},"end":{"line":110,"column":25}},"78":{"start":{"line":115,"column":8},"end":{"line":121,"column":9}},"79":{"start":{"line":115,"column":21},"end":{"line":115,"column":22}},"80":{"start":{"line":116,"column":12},"end":{"line":120,"column":13}},"81":{"start":{"line":116,"column":25},"end":{"line":116,"column":26}},"82":{"start":{"line":117,"column":16},"end":{"line":119,"column":17}},"83":{"start":{"line":118,"column":20},"end":{"line":118,"column":32}},"84":{"start":{"line":122,"column":8},"end":{"line":122,"column":21}},"85":{"start":{"line":127,"column":18},"end":{"line":127,"column":27}},"86":{"start":{"line":128,"column":24},"end":{"line":128,"column":39}},"87":{"start":{"line":129,"column":27},"end":{"line":131,"column":10}},"88":{"start":{"line":132,"column":8},"end":{"line":148,"column":9}},"89":{"start":{"line":133,"column":24},"end":{"line":133,"column":25}},"90":{"start":{"line":134,"column":20},"end":{"line":134,"column":28}},"91":{"start":{"line":134,"column":34},"end":{"line":134,"column":42}},"92":{"start":{"line":135,"column":12},"end":{"line":139,"column":13}},"93":{"start":{"line":136,"column":16},"end":{"line":136,"column":24}},"94":{"start":{"line":137,"column":16},"end":{"line":137,"column":24}},"95":{"start":{"line":138,"column":16},"end":{"line":138,"column":24}},"96":{"start":{"line":140,"column":12},"end":{"line":140,"column":25}},"97":{"start":{"line":141,"column":12},"end":{"line":141,"column":25}},"98":{"start":{"line":142,"column":12},"end":{"line":146,"column":13}},"99":{"start":{"line":143,"column":16},"end":{"line":143,"column":24}},"100":{"start":{"line":144,"column":16},"end":{"line":144,"column":24}},"101":{"start":{"line":145,"column":16},"end":{"line":145,"column":24}},"102":{"start":{"line":147,"column":12},"end":{"line":147,"column":46}},"103":{"start":{"line":147,"column":34},"end":{"line":147,"column":46}},"104":{"start":{"line":149,"column":8},"end":{"line":149,"column":21}},"105":{"start":{"line":4,"column":0},"end":{"line":4,"column":13}}},"fnMap":{"0":{"name":"(anonymous_0)","decl":{"start":{"line":11,"column":4},"end":{"line":11,"column":16}},"loc":{"start":{"line":11,"column":32},"end":{"line":17,"column":5}}},"1":{"name":"(anonymous_1)","decl":{"start":{"line":13,"column":49},"end":{"line":13,"column":52}},"loc":{"start":{"line":13,"column":55},"end":{"line":13,"column":83}}},"2":{"name":"(anonymous_2)","decl":{"start":{"line":19,"column":4},"end":{"line":19,"column":8}},"loc":{"start":{"line":19,"column":33},"end":{"line":30,"column":5}}},"3":{"name":"(anonymous_3)","decl":{"start":{"line":24,"column":42},"end":{"line":24,"column":46}},"loc":{"start":{"line":24,"column":50},"end":{"line":24,"column":54}}},"4":{"name":"(anonymous_4)","decl":{"start":{"line":32,"column":4},"end":{"line":32,"column":12}},"loc":{"start":{"line":32,"column":37},"end":{"line":59,"column":5}}},"5":{"name":"(anonymous_5)","decl":{"start":{"line":61,"column":4},"end":{"line":61,"column":10}},"loc":{"start":{"line":61,"column":10},"end":{"line":83,"column":5}}},"6":{"name":"(anonymous_6)","decl":{"start":{"line":85,"column":12},"end":{"line":85,"column":19}},"loc":{"start":{"line":85,"column":56},"end":{"line":111,"column":5}}},"7":{"name":"(anonymous_7)","decl":{"start":{"line":89,"column":35},"end":{"line":89,"column":39}},"loc":{"start":{"line":89,"column":43},"end":{"line":89,"column":47}}},"8":{"name":"(anonymous_8)","decl":{"start":{"line":114,"column":12},"end":{"line":114,"column":23}},"loc":{"start":{"line":114,"column":38},"end":{"line":123,"column":5}}},"9":{"name":"(anonymous_9)","decl":{"start":{"line":126,"column":12},"end":{"line":126,"column":26}},"loc":{"start":{"line":126,"column":67},"end":{"line":150,"column":5}}}},"branchMap":{"0":{"loc":{"start":{"line":11,"column":16},"end":{"line":11,"column":32}},"type":"default-arg","locations":[{"start":{"line":11,"column":31},"end":{"line":11,"column":32}}]},"1":{"loc":{"start":{"line":20,"column":8},"end":{"line":20,"column":61}},"type":"if","locations":[{"start":{"line":20,"column":8},"end":{"line":20,"column":61}}]},"2":{"loc":{"start":{"line":20,"column":12},"end":{"line":20,"column":46}},"type":"binary-expr","locations":[{"start":{"line":20,"column":12},"end":{"line":20,"column":31}},{"start":{"line":20,"column":35},"end":{"line":20,"column":46}}]},"3":{"loc":{"start":{"line":22,"column":8},"end":{"line":28,"column":9}},"type":"if","locations":[{"start":{"line":22,"column":8},"end":{"line":28,"column":9}},{"start":{"line":24,"column":15},"end":{"line":28,"column":9}}]},"4":{"loc":{"start":{"line":24,"column":15},"end":{"line":28,"column":9}},"type":"if","locations":[{"start":{"line":24,"column":15},"end":{"line":28,"column":9}},{"start":{"line":26,"column":15},"end":{"line":28,"column":9}}]},"5":{"loc":{"start":{"line":27,"column":33},"end":{"line":27,"column":71}},"type":"cond-expr","locations":[{"start":{"line":27,"column":62},"end":{"line":27,"column":65}},{"start":{"line":27,"column":68},"end":{"line":27,"column":71}}]},"6":{"loc":{"start":{"line":35,"column":24},"end":{"line":35,"column":39}},"type":"cond-expr","locations":[{"start":{"line":35,"column":34},"end":{"line":35,"column":35}},{"start":{"line":35,"column":38},"end":{"line":35,"column":39}}]},"7":{"loc":{"start":{"line":44,"column":19},"end":{"line":44,"column":78}},"type":"binary-expr","locations":[{"start":{"line":44,"column":19},"end":{"line":44,"column":25}},{"start":{"line":44,"column":29},"end":{"line":44,"column":34}},{"start":{"line":44,"column":38},"end":{"line":44,"column":44}},{"start":{"line":44,"column":48},"end":{"line":44,"column":53}},{"start":{"line":44,"column":57},"end":{"line":44,"column":78}}]},"8":{"loc":{"start":{"line":51,"column":19},"end":{"line":51,"column":78}},"type":"binary-expr","locations":[{"start":{"line":51,"column":19},"end":{"line":51,"column":25}},{"start":{"line":51,"column":29},"end":{"line":51,"column":34}},{"start":{"line":51,"column":38},"end":{"line":51,"column":44}},{"start":{"line":51,"column":48},"end":{"line":51,"column":53}},{"start":{"line":51,"column":57},"end":{"line":51,"column":78}}]},"9":{"loc":{"start":{"line":56,"column":12},"end":{"line":56,"column":46}},"type":"if","locations":[{"start":{"line":56,"column":12},"end":{"line":56,"column":46}}]},"10":{"loc":{"start":{"line":62,"column":8},"end":{"line":62,"column":53}},"type":"if","locations":[{"start":{"line":62,"column":8},"end":{"line":62,"column":53}}]},"11":{"loc":{"start":{"line":62,"column":12},"end":{"line":62,"column":38}},"type":"binary-expr","locations":[{"start":{"line":62,"column":12},"end":{"line":62,"column":23}},{"start":{"line":62,"column":27},"end":{"line":62,"column":38}}]},"12":{"loc":{"start":{"line":68,"column":16},"end":{"line":76,"column":17}},"type":"if","locations":[{"start":{"line":68,"column":16},"end":{"line":76,"column":17}}]},"13":{"loc":{"start":{"line":72,"column":20},"end":{"line":75,"column":21}},"type":"if","locations":[{"start":{"line":72,"column":20},"end":{"line":75,"column":21}}]},"14":{"loc":{"start":{"line":79,"column":8},"end":{"line":81,"column":9}},"type":"if","locations":[{"start":{"line":79,"column":8},"end":{"line":81,"column":9}}]},"15":{"loc":{"start":{"line":87,"column":8},"end":{"line":87,"column":53}},"type":"if","locations":[{"start":{"line":87,"column":8},"end":{"line":87,"column":53}}]},"16":{"loc":{"start":{"line":88,"column":8},"end":{"line":88,"column":53}},"type":"if","locations":[{"start":{"line":88,"column":8},"end":{"line":88,"column":53}}]},"17":{"loc":{"start":{"line":89,"column":8},"end":{"line":89,"column":59}},"type":"if","locations":[{"start":{"line":89,"column":8},"end":{"line":89,"column":59}}]},"18":{"loc":{"start":{"line":91,"column":8},"end":{"line":91,"column":33}},"type":"if","locations":[{"start":{"line":91,"column":8},"end":{"line":91,"column":33}}]},"19":{"loc":{"start":{"line":93,"column":24},"end":{"line":93,"column":59}},"type":"cond-expr","locations":[{"start":{"line":93,"column":39},"end":{"line":93,"column":48}},{"start":{"line":93,"column":51},"end":{"line":93,"column":59}}]},"20":{"loc":{"start":{"line":94,"column":31},"end":{"line":94,"column":107}},"type":"cond-expr","locations":[{"start":{"line":94,"column":46},"end":{"line":94,"column":64}},{"start":{"line":94,"column":68},"end":{"line":94,"column":106}}]},"21":{"loc":{"start":{"line":94,"column":68},"end":{"line":94,"column":106}},"type":"cond-expr","locations":[{"start":{"line":94,"column":97},"end":{"line":94,"column":100}},{"start":{"line":94,"column":103},"end":{"line":94,"column":106}}]},"22":{"loc":{"start":{"line":98,"column":16},"end":{"line":107,"column":17}},"type":"if","locations":[{"start":{"line":98,"column":16},"end":{"line":107,"column":17}}]},"23":{"loc":{"start":{"line":102,"column":20},"end":{"line":106,"column":21}},"type":"if","locations":[{"start":{"line":102,"column":20},"end":{"line":106,"column":21}},{"start":{"line":104,"column":27},"end":{"line":106,"column":21}}]},"24":{"loc":{"start":{"line":117,"column":16},"end":{"line":119,"column":17}},"type":"if","locations":[{"start":{"line":117,"column":16},"end":{"line":119,"column":17}}]},"25":{"loc":{"start":{"line":117,"column":20},"end":{"line":117,"column":83}},"type":"binary-expr","locations":[{"start":{"line":117,"column":20},"end":{"line":117,"column":46}},{"start":{"line":117,"column":50},"end":{"line":117,"column":83}}]},"26":{"loc":{"start":{"line":128,"column":24},"end":{"line":128,"column":39}},"type":"cond-expr","locations":[{"start":{"line":128,"column":34},"end":{"line":128,"column":35}},{"start":{"line":128,"column":38},"end":{"line":128,"column":39}}]},"27":{"loc":{"start":{"line":135,"column":19},"end":{"line":135,"column":83}},"type":"binary-expr","locations":[{"start":{"line":135,"column":19},"end":{"line":135,"column":25}},{"start":{"line":135,"column":29},"end":{"line":135,"column":34}},{"start":{"line":135,"column":38},"end":{"line":135,"column":44}},{"start":{"line":135,"column":48},"end":{"line":135,"column":53}},{"start":{"line":135,"column":57},"end":{"line":135,"column":83}}]},"28":{"loc":{"start":{"line":142,"column":19},"end":{"line":142,"column":83}},"type":"binary-expr","locations":[{"start":{"line":142,"column":19},"end":{"line":142,"column":25}},{"start":{"line":142,"column":29},"end":{"line":142,"column":34}},{"start":{"line":142,"column":38},"end":{"line":142,"column":44}},{"start":{"line":142,"column":48},"end":{"line":142,"column":53}},{"start":{"line":142,"column":57},"end":{"line":142,"column":83}}]},"29":{"loc":{"start":{"line":147,"column":12},"end":{"line":147,"column":46}},"type":"if","locations":[{"start":{"line":147,"column":12},"end":{"line":147,"column":46}}]}},"s":{"0":11,"1":11,"2":39,"3":11,"4":11,"5":11,"6":23,"7":1,"8":22,"9":22,"10":2,"11":20,"12":67,"13":1,"14":19,"15":22,"16":22,"17":22,"18":22,"19":22,"20":22,"21":82,"22":82,"23":82,"24":82,"25":0,"26":0,"27":0,"28":82,"29":82,"30":82,"31":14,"32":14,"33":14,"34":82,"35":2,"36":20,"37":0,"38":0,"39":0,"40":0,"41":0,"42":0,"43":0,"44":0,"45":0,"46":0,"47":0,"48":0,"49":0,"50":0,"51":0,"52":0,"53":0,"54":0,"55":0,"56":0,"57":0,"58":0,"59":0,"60":0,"61":0,"62":0,"63":0,"64":0,"65":0,"66":0,"67":0,"68":0,"69":0,"70":0,"71":0,"72":0,"73":0,"74":0,"75":0,"76":0,"77":0,"78":0,"79":0,"80":0,"81":0,"82":0,"83":0,"84":0,"85":0,"86":0,"87":0,"88":0,"89":0,"90":0,"91":0,"92":0,"93":0,"94":0,"95":0,"96":0,"97":0,"98":0,"99":0,"100":0,"101":0,"102":0,"103":0,"104":0,"105":2},"f":{"0":11,"1":39,"2":23,"3":67,"4":22,"5":0,"6":0,"7":0,"8":0,"9":0},"b":{"0":[0],"1":[1],"2":[23,22],"3":[2,20],"4":[1,19],"5":[10,9],"6":[0,22],"7":[82,82,73,65,57],"8":[96,63,63,44,42],"9":[2],"10":[0],"11":[0,0],"12":[0],"13":[0],"14":[0],"15":[0],"16":[0],"17":[0],"18":[0],"19":[0,0],"20":[0,0],"21":[0,0],"22":[0],"23":[0,0],"24":[0],"25":[0,0],"26":[0,0],"27":[0,0,0,0,0],"28":[0,0,0,0,0],"29":[0]}}
}
