TN:
SF:src\App.tsx
FN:4,createEmptyGrid
FN:5,(anonymous_1)
FN:8,(anonymous_2)
FN:15,(anonymous_3)
FN:24,(anonymous_4)
FN:33,(anonymous_5)
FN:37,(anonymous_6)
FN:42,(anonymous_7)
FN:44,(anonymous_8)
FN:55,(anonymous_9)
FN:85,(anonymous_10)
FN:87,(anonymous_11)
FN:90,(anonymous_12)
FNF:13
FNH:8
FNDA:6,createEmptyGrid
FNDA:24,(anonymous_1)
FNDA:6,(anonymous_2)
FNDA:0,(anonymous_3)
FNDA:0,(anonymous_4)
FNDA:5,(anonymous_5)
FNDA:20,(anonymous_6)
FNDA:0,(anonymous_7)
FNDA:0,(anonymous_8)
FNDA:0,(anonymous_9)
FNDA:24,(anonymous_10)
FNDA:96,(anonymous_11)
FNDA:5,(anonymous_12)
DA:1,1
DA:2,1
DA:5,24
DA:8,1
DA:9,6
DA:10,6
DA:11,6
DA:12,6
DA:13,6
DA:15,6
DA:16,0
DA:17,0
DA:18,0
DA:19,0
DA:20,0
DA:21,0
DA:24,6
DA:25,0
DA:27,0
DA:28,0
DA:29,0
DA:30,0
DA:33,6
DA:34,5
DA:35,5
DA:36,5
DA:37,20
DA:38,5
DA:39,4
DA:40,4
DA:42,2
DA:43,0
DA:44,0
DA:45,0
DA:46,0
DA:47,0
DA:48,0
DA:51,2
DA:52,5
DA:55,6
DA:56,0
DA:57,0
DA:58,0
DA:59,0
DA:62,6
DA:86,24
DA:88,96
DA:90,5
DA:117,1
LF:49
LH:28
BRDA:34,0,0,0
BRDA:34,1,0,5
BRDA:34,1,1,5
BRDA:35,2,0,0
BRDA:38,3,0,1
BRDA:38,3,1,4
BRDA:39,4,0,0
BRDA:39,4,1,4
BRDA:40,5,0,2
BRDA:40,5,1,2
BRDA:40,6,0,4
BRDA:40,6,1,4
BRDA:45,7,0,0
BRDA:45,7,1,0
BRDA:46,8,0,0
BRDA:46,8,1,0
BRDA:91,9,0,9
BRDA:91,9,1,87
BRDA:91,10,0,6
BRDA:91,10,1,81
BRDA:97,11,0,9
BRDA:97,11,1,87
BRDA:97,12,0,6
BRDA:97,12,1,81
BRDA:98,13,0,26
BRDA:98,13,1,70
BRDA:98,14,0,96
BRDA:98,14,1,81
BRDA:108,15,0,6
BRDA:108,15,1,5
BRF:30
BRH:23
end_of_record
TN:
SF:src\morpion.ts
FN:11,(anonymous_0)
FN:13,(anonymous_1)
FN:19,(anonymous_2)
FN:24,(anonymous_3)
FN:32,(anonymous_4)
FN:61,(anonymous_5)
FN:85,(anonymous_6)
FN:89,(anonymous_7)
FN:114,(anonymous_8)
FN:126,(anonymous_9)
FNF:10
FNH:5
FNDA:11,(anonymous_0)
FNDA:39,(anonymous_1)
FNDA:23,(anonymous_2)
FNDA:67,(anonymous_3)
FNDA:22,(anonymous_4)
FNDA:0,(anonymous_5)
FNDA:0,(anonymous_6)
FNDA:0,(anonymous_7)
FNDA:0,(anonymous_8)
FNDA:0,(anonymous_9)
DA:4,2
DA:12,11
DA:13,39
DA:14,11
DA:15,11
DA:16,11
DA:20,23
DA:21,22
DA:22,22
DA:23,2
DA:24,67
DA:25,1
DA:27,19
DA:29,22
DA:33,22
DA:34,22
DA:35,22
DA:37,22
DA:41,22
DA:42,82
DA:43,82
DA:44,82
DA:45,0
DA:46,0
DA:47,0
DA:49,82
DA:50,82
DA:51,82
DA:52,14
DA:53,14
DA:54,14
DA:56,82
DA:58,20
DA:62,0
DA:63,0
DA:64,0
DA:66,0
DA:67,0
DA:68,0
DA:69,0
DA:70,0
DA:71,0
DA:72,0
DA:73,0
DA:74,0
DA:79,0
DA:80,0
DA:82,0
DA:87,0
DA:88,0
DA:89,0
DA:91,0
DA:93,0
DA:94,0
DA:96,0
DA:97,0
DA:98,0
DA:99,0
DA:100,0
DA:101,0
DA:102,0
DA:103,0
DA:105,0
DA:110,0
DA:115,0
DA:116,0
DA:117,0
DA:118,0
DA:122,0
DA:127,0
DA:128,0
DA:129,0
DA:132,0
DA:133,0
DA:134,0
DA:135,0
DA:136,0
DA:137,0
DA:138,0
DA:140,0
DA:141,0
DA:142,0
DA:143,0
DA:144,0
DA:145,0
DA:147,0
DA:149,0
LF:87
LH:30
BRDA:11,0,0,0
BRDA:20,1,0,1
BRDA:20,2,0,23
BRDA:20,2,1,22
BRDA:22,3,0,2
BRDA:22,3,1,20
BRDA:24,4,0,1
BRDA:24,4,1,19
BRDA:27,5,0,10
BRDA:27,5,1,9
BRDA:35,6,0,0
BRDA:35,6,1,22
BRDA:44,7,0,82
BRDA:44,7,1,82
BRDA:44,7,2,73
BRDA:44,7,3,65
BRDA:44,7,4,57
BRDA:51,8,0,96
BRDA:51,8,1,63
BRDA:51,8,2,63
BRDA:51,8,3,44
BRDA:51,8,4,42
BRDA:56,9,0,2
BRDA:62,10,0,0
BRDA:62,11,0,0
BRDA:62,11,1,0
BRDA:68,12,0,0
BRDA:72,13,0,0
BRDA:79,14,0,0
BRDA:87,15,0,0
BRDA:88,16,0,0
BRDA:89,17,0,0
BRDA:91,18,0,0
BRDA:93,19,0,0
BRDA:93,19,1,0
BRDA:94,20,0,0
BRDA:94,20,1,0
BRDA:94,21,0,0
BRDA:94,21,1,0
BRDA:98,22,0,0
BRDA:102,23,0,0
BRDA:102,23,1,0
BRDA:117,24,0,0
BRDA:117,25,0,0
BRDA:117,25,1,0
BRDA:128,26,0,0
BRDA:128,26,1,0
BRDA:135,27,0,0
BRDA:135,27,1,0
BRDA:135,27,2,0
BRDA:135,27,3,0
BRDA:135,27,4,0
BRDA:142,28,0,0
BRDA:142,28,1,0
BRDA:142,28,2,0
BRDA:142,28,3,0
BRDA:142,28,4,0
BRDA:147,29,0,0
BRF:58
BRH:21
end_of_record
