TN:
SF:src\App.tsx
FN:4,createEmptyGrid
FN:5,(anonymous_1)
FN:8,(anonymous_2)
FN:20,(anonymous_3)
FN:22,(anonymous_4)
FN:28,(anonymous_5)
FN:42,(anonymous_6)
FN:56,(anonymous_7)
FN:70,(anonymous_8)
FN:81,(anonymous_9)
FN:92,(anonymous_10)
FN:94,(anonymous_11)
FN:96,(anonymous_12)
FN:102,(anonymous_13)
FN:106,(anonymous_14)
FN:110,(anonymous_15)
FN:115,(anonymous_16)
FN:117,(anonymous_17)
FN:128,(anonymous_18)
FN:203,(anonymous_19)
FN:205,(anonymous_20)
FN:208,(anonymous_21)
FNF:22
FNH:16
FNDA:31,createEmptyGrid
FNDA:126,(anonymous_1)
FNDA:26,(anonymous_2)
FNDA:3,(anonymous_3)
FNDA:5,(anonymous_4)
FNDA:1,(anonymous_5)
FNDA:0,(anonymous_6)
FNDA:1,(anonymous_7)
FNDA:0,(anonymous_8)
FNDA:2,(anonymous_9)
FNDA:26,(anonymous_10)
FNDA:0,(anonymous_11)
FNDA:0,(anonymous_12)
FNDA:1,(anonymous_13)
FNDA:15,(anonymous_14)
FNDA:52,(anonymous_15)
FNDA:0,(anonymous_16)
FNDA:0,(anonymous_17)
FNDA:1,(anonymous_18)
FNDA:105,(anonymous_19)
FNDA:425,(anonymous_20)
FNDA:15,(anonymous_21)
DA:1,1
DA:2,1
DA:5,126
DA:8,1
DA:9,26
DA:10,26
DA:11,26
DA:12,26
DA:13,26
DA:14,26
DA:15,26
DA:16,26
DA:17,26
DA:20,26
DA:22,26
DA:23,5
DA:24,5
DA:25,5
DA:28,26
DA:29,1
DA:30,1
DA:31,1
DA:32,1
DA:33,1
DA:34,1
DA:36,1
DA:37,1
DA:38,1
DA:39,1
DA:42,26
DA:43,0
DA:44,0
DA:45,0
DA:46,0
DA:47,0
DA:48,0
DA:50,0
DA:51,0
DA:52,0
DA:53,0
DA:56,26
DA:57,1
DA:58,1
DA:59,1
DA:60,1
DA:61,1
DA:62,0
DA:64,1
DA:65,1
DA:66,1
DA:67,1
DA:70,26
DA:71,0
DA:72,0
DA:73,0
DA:74,0
DA:75,0
DA:76,0
DA:77,0
DA:78,0
DA:81,26
DA:82,2
DA:83,2
DA:84,2
DA:85,2
DA:86,2
DA:87,2
DA:88,2
DA:92,26
DA:93,26
DA:94,1
DA:95,0
DA:96,0
DA:97,0
DA:98,0
DA:99,0
DA:100,0
DA:102,1
DA:106,26
DA:107,15
DA:108,14
DA:109,13
DA:110,52
DA:111,13
DA:112,11
DA:113,11
DA:115,6
DA:116,0
DA:117,0
DA:118,0
DA:119,0
DA:120,0
DA:121,0
DA:124,5
DA:125,13
DA:128,26
DA:129,1
DA:130,1
DA:131,1
DA:132,1
DA:133,1
DA:134,1
DA:137,26
DA:204,105
DA:206,425
DA:208,15
DA:235,1
LF:107
LH:76
BRDA:20,0,0,1
BRDA:20,0,1,2
BRDA:31,1,0,1
BRDA:31,1,1,0
BRDA:33,2,0,1
BRDA:33,3,0,1
BRDA:33,3,1,1
BRDA:45,4,0,0
BRDA:45,4,1,0
BRDA:47,5,0,0
BRDA:47,6,0,0
BRDA:47,6,1,0
BRDA:59,7,0,1
BRDA:59,7,1,0
BRDA:61,8,0,0
BRDA:61,9,0,1
BRDA:61,9,1,0
BRDA:72,10,0,0
BRDA:73,11,0,0
BRDA:73,11,1,0
BRDA:83,12,0,1
BRDA:93,13,0,1
BRDA:93,14,0,26
BRDA:93,14,1,1
BRDA:93,14,2,1
BRDA:97,15,0,0
BRDA:97,15,1,0
BRDA:98,16,0,0
BRDA:98,16,1,0
BRDA:107,17,0,1
BRDA:107,18,0,15
BRDA:107,18,1,14
BRDA:108,19,0,1
BRDA:111,20,0,2
BRDA:111,20,1,11
BRDA:112,21,0,0
BRDA:112,21,1,11
BRDA:113,22,0,6
BRDA:113,22,1,5
BRDA:113,23,0,11
BRDA:113,23,1,11
BRDA:118,24,0,0
BRDA:118,24,1,0
BRDA:119,25,0,0
BRDA:119,25,1,0
BRDA:129,26,0,1
BRDA:129,26,1,0
BRDA:209,27,0,21
BRDA:209,27,1,404
BRDA:209,28,0,13
BRDA:209,28,1,391
BRDA:215,29,0,21
BRDA:215,29,1,404
BRDA:215,30,0,13
BRDA:215,30,1,391
BRDA:216,31,0,56
BRDA:216,31,1,369
BRDA:216,32,0,425
BRDA:216,32,1,391
BRDA:226,33,0,26
BRDA:226,33,1,24
BRF:61
BRH:39
end_of_record
TN:
SF:src\morpion.ts
FN:13,(anonymous_0)
FN:20,(anonymous_1)
FN:27,(anonymous_2)
FN:32,(anonymous_3)
FN:40,(anonymous_4)
FN:68,(anonymous_5)
FN:72,(anonymous_6)
FN:115,(anonymous_7)
FN:118,(anonymous_8)
FN:154,(anonymous_9)
FN:165,(anonymous_10)
FN:167,(anonymous_11)
FN:190,(anonymous_12)
FN:215,(anonymous_13)
FN:229,(anonymous_14)
FN:243,(anonymous_15)
FN:280,(anonymous_16)
FNF:17
FNH:14
FNDA:56,(anonymous_0)
FNDA:224,(anonymous_1)
FNDA:142,(anonymous_2)
FNDA:377,(anonymous_3)
FNDA:137,(anonymous_4)
FNDA:15,(anonymous_5)
FNDA:97,(anonymous_6)
FNDA:896,(anonymous_7)
FNDA:2276,(anonymous_8)
FNDA:1730,(anonymous_9)
FNDA:579,(anonymous_10)
FNDA:1158,(anonymous_11)
FNDA:3735,(anonymous_12)
FNDA:0,(anonymous_13)
FNDA:0,(anonymous_14)
FNDA:0,(anonymous_15)
FNDA:8718,(anonymous_16)
DA:4,2
DA:14,56
DA:15,56
DA:16,56
DA:17,0
DA:18,0
DA:20,224
DA:21,56
DA:22,56
DA:23,56
DA:24,56
DA:28,142
DA:29,137
DA:30,137
DA:31,15
DA:32,377
DA:33,3
DA:35,119
DA:37,137
DA:41,137
DA:42,137
DA:44,137
DA:48,137
DA:49,509
DA:50,509
DA:51,509
DA:52,6
DA:53,6
DA:54,6
DA:56,509
DA:57,509
DA:58,509
DA:59,114
DA:60,114
DA:61,114
DA:63,509
DA:65,122
DA:69,15
DA:72,97
DA:73,4
DA:74,4
DA:75,17
DA:76,83
DA:79,4
DA:80,4
DA:83,10
DA:84,10
DA:85,10
DA:87,10
DA:88,30
DA:89,90
DA:90,46
DA:91,46
DA:92,46
DA:93,46
DA:94,12
DA:95,12
DA:100,10
DA:101,10
DA:105,0
DA:106,0
DA:107,0
DA:108,0
DA:112,0
DA:116,896
DA:117,834
DA:118,2276
DA:119,810
DA:121,231
DA:122,187
DA:123,187
DA:124,561
DA:125,1280
DA:126,643
DA:127,643
DA:128,643
DA:129,643
DA:130,643
DA:131,643
DA:135,187
DA:137,44
DA:138,44
DA:139,132
DA:140,396
DA:141,207
DA:142,207
DA:143,207
DA:144,207
DA:145,207
DA:146,207
DA:150,44
DA:155,1730
DA:156,5049
DA:157,15024
DA:158,81
DA:162,1649
DA:167,579
DA:168,1158
DA:169,1158
DA:170,3474
DA:171,10422
DA:173,4572
DA:174,4572
DA:175,837
DA:178,3735
DA:180,4572
DA:184,1158
DA:186,579
DA:192,3735
DA:193,3735
DA:196,3735
DA:197,3735
DA:198,14940
DA:199,14940
DA:200,14940
DA:201,14940
DA:205,0
DA:207,14940
DA:208,14940
DA:210,14940
DA:212,3735
DA:216,0
DA:217,0
DA:218,0
DA:219,0
DA:220,0
DA:221,0
DA:222,0
DA:226,0
DA:230,0
DA:231,0
DA:232,0
DA:233,0
DA:234,0
DA:235,0
DA:236,0
DA:240,0
DA:244,0
DA:245,0
DA:246,0
DA:247,0
DA:248,0
DA:249,0
DA:250,0
DA:252,0
DA:253,0
DA:254,0
DA:255,0
DA:256,0
DA:257,0
DA:258,0
DA:259,0
DA:260,0
DA:262,0
DA:263,0
DA:266,0
DA:268,0
DA:269,0
DA:270,0
DA:273,0
DA:277,0
DA:281,8718
DA:282,8718
DA:285,8718
DA:286,33058
DA:287,33058
DA:288,33058
DA:289,4799
DA:290,4799
DA:291,4799
DA:293,33058
DA:294,33058
DA:295,33058
DA:296,5809
DA:297,5809
DA:298,5809
DA:300,33058
DA:302,7800
LF:178
LH:130
BRDA:13,0,0,0
BRDA:13,1,0,17
BRDA:13,2,0,25
BRDA:16,3,0,0
BRDA:16,4,0,56
BRDA:16,4,1,56
BRDA:16,4,2,56
BRDA:28,5,0,5
BRDA:28,6,0,142
BRDA:28,6,1,139
BRDA:30,7,0,15
BRDA:30,7,1,122
BRDA:32,8,0,3
BRDA:32,8,1,119
BRDA:35,9,0,63
BRDA:35,9,1,56
BRDA:51,10,0,515
BRDA:51,10,1,515
BRDA:51,10,2,476
BRDA:51,10,3,432
BRDA:51,10,4,399
BRDA:58,11,0,623
BRDA:58,11,1,419
BRDA:58,11,2,419
BRDA:58,11,3,305
BRDA:58,11,4,297
BRDA:63,12,0,15
BRDA:69,13,0,1
BRDA:69,14,0,15
BRDA:69,14,1,14
BRDA:72,15,0,4
BRDA:89,16,0,46
BRDA:93,17,0,12
BRDA:100,18,0,10
BRDA:107,19,0,0
BRDA:116,20,0,62
BRDA:117,21,0,19
BRDA:118,22,0,5
BRDA:119,23,0,579
BRDA:121,24,0,187
BRDA:121,24,1,44
BRDA:125,25,0,643
BRDA:131,26,0,311
BRDA:140,27,0,207
BRDA:146,28,0,0
BRDA:157,29,0,81
BRDA:157,30,0,15024
BRDA:157,30,1,4146
BRDA:171,31,0,4572
BRDA:174,32,0,837
BRDA:174,32,1,3735
BRDA:201,33,0,0
BRDA:201,33,1,14940
BRDA:202,34,0,14940
BRDA:202,34,1,14940
BRDA:202,34,2,10254
BRDA:202,34,3,9535
BRDA:202,34,4,6753
BRDA:202,34,5,1998
BRDA:202,34,6,1069
BRDA:202,34,7,1069
BRDA:202,34,8,553
BRDA:202,34,9,392
BRDA:207,35,0,1998
BRDA:207,36,0,14940
BRDA:207,36,1,14940
BRDA:207,36,2,10254
BRDA:207,36,3,9535
BRDA:207,36,4,6753
BRDA:208,37,0,2671
BRDA:208,38,0,14940
BRDA:208,38,1,11565
BRDA:208,38,2,11565
BRDA:208,38,3,9522
BRDA:208,38,4,8324
BRDA:210,39,0,4669
BRDA:218,40,0,0
BRDA:222,41,0,0
BRDA:232,42,0,0
BRDA:236,43,0,0
BRDA:246,44,0,0
BRDA:248,45,0,0
BRDA:252,46,0,0
BRDA:253,47,0,0
BRDA:253,47,1,0
BRDA:257,48,0,0
BRDA:259,49,0,0
BRDA:263,50,0,0
BRDA:266,51,0,0
BRDA:268,52,0,0
BRDA:288,53,0,37857
BRDA:288,53,1,37857
BRDA:288,53,2,28161
BRDA:288,53,3,26225
BRDA:288,53,4,20665
BRDA:295,54,0,38867
BRDA:295,54,1,28763
BRDA:295,54,2,28763
BRDA:295,54,3,23092
BRDA:295,54,4,21050
BRDA:300,55,0,918
BRF:101
BRH:82
end_of_record
